ERROR - 2023-09-20 04:30:39 --> mysqli_sql_exception: Table 'sarpras.tbl_assets' doesn't exist in engine in C:\xampp\htdocs\sarpras\vendor\codeigniter4\framework\system\Database\MySQLi\Connection.php:295
Stack trace:
#0 C:\xampp\htdocs\sarpras\vendor\codeigniter4\framework\system\Database\MySQLi\Connection.php(295): mysqli->query('SELECT *\nFROM `...', 0)
#1 C:\xampp\htdocs\sarpras\vendor\codeigniter4\framework\system\Database\BaseConnection.php(692): CodeIgniter\Database\MySQLi\Connection->execute('SELECT *\nFROM `...')
#2 C:\xampp\htdocs\sarpras\vendor\codeigniter4\framework\system\Database\BaseConnection.php(606): CodeIgniter\Database\BaseConnection->simpleQuery('SELECT *\nFROM `...')
#3 C:\xampp\htdocs\sarpras\vendor\codeigniter4\framework\system\Database\BaseBuilder.php(1616): CodeIgniter\Database\BaseConnection->query('SELECT *\nFROM `...', Array, false)
#4 C:\xampp\htdocs\sarpras\vendor\codeigniter4\framework\system\Model.php(241): CodeIgniter\Database\BaseBuilder->get()
#5 C:\xampp\htdocs\sarpras\vendor\codeigniter4\framework\system\BaseModel.php(618): CodeIgniter\Model->doFindAll(0, 0)
#6 C:\xampp\htdocs\sarpras\app\Controllers\Assets.php(50): CodeIgniter\BaseModel->findAll()
#7 C:\xampp\htdocs\sarpras\vendor\codeigniter4\framework\system\CodeIgniter.php(934): App\Controllers\Assets->index()
#8 C:\xampp\htdocs\sarpras\vendor\codeigniter4\framework\system\CodeIgniter.php(499): CodeIgniter\CodeIgniter->runController(Object(App\Controllers\Assets))
#9 C:\xampp\htdocs\sarpras\vendor\codeigniter4\framework\system\CodeIgniter.php(368): CodeIgniter\CodeIgniter->handleRequest(NULL, Object(Config\Cache), false)
#10 C:\xampp\htdocs\sarpras\public\index.php(67): CodeIgniter\CodeIgniter->run()
#11 C:\xampp\htdocs\sarpras\vendor\codeigniter4\framework\system\Commands\Server\rewrite.php(47): require_once('C:\\xampp\\htdocs...')
#12 {main}
CRITICAL - 2023-09-20 04:30:39 --> Table 'sarpras.tbl_assets' doesn't exist in engine
in SYSTEMPATH\Database\MySQLi\Connection.php on line 295.
 1 SYSTEMPATH\Database\MySQLi\Connection.php(295): mysqli->query('SELECT *
FROM `tbl_assets`
JOIN `tbl_brand` ON `tbl_assets`.`brand_id`=`tbl_brand`.`id_brand`
JOIN `tbl_location` ON `tbl_assets`.`location_id`=`tbl_location`.`id_location`
JOIN `tbl_category` ON `tbl_category`.`id_category`=`tbl_assets`.`category_id`
JOIN `tbl_main_category` ON `tbl_main_category`.`id_main_category`=`tbl_assets`.`main_category_id`
JOIN `tbl_status` ON `tbl_status`.`id_status`=`tbl_assets`.`status_id`
JOIN `tbl_condition` ON `tbl_condition`.`id_condition`=`tbl_assets`.`condition_id`
JOIN `tbl_type_brand` ON `tbl_type_brand`.`id_type_brand`=`tbl_assets`.`type_brand_id`', 0)
 2 SYSTEMPATH\Database\BaseConnection.php(692): CodeIgniter\Database\MySQLi\Connection->execute('SELECT *
FROM `tbl_assets`
JOIN `tbl_brand` ON `tbl_assets`.`brand_id`=`tbl_brand`.`id_brand`
JOIN `tbl_location` ON `tbl_assets`.`location_id`=`tbl_location`.`id_location`
JOIN `tbl_category` ON `tbl_category`.`id_category`=`tbl_assets`.`category_id`
JOIN `tbl_main_category` ON `tbl_main_category`.`id_main_category`=`tbl_assets`.`main_category_id`
JOIN `tbl_status` ON `tbl_status`.`id_status`=`tbl_assets`.`status_id`
JOIN `tbl_condition` ON `tbl_condition`.`id_condition`=`tbl_assets`.`condition_id`
JOIN `tbl_type_brand` ON `tbl_type_brand`.`id_type_brand`=`tbl_assets`.`type_brand_id`')
 3 SYSTEMPATH\Database\BaseConnection.php(606): CodeIgniter\Database\BaseConnection->simpleQuery('SELECT *
FROM `tbl_assets`
JOIN `tbl_brand` ON `tbl_assets`.`brand_id`=`tbl_brand`.`id_brand`
JOIN `tbl_location` ON `tbl_assets`.`location_id`=`tbl_location`.`id_location`
JOIN `tbl_category` ON `tbl_category`.`id_category`=`tbl_assets`.`category_id`
JOIN `tbl_main_category` ON `tbl_main_category`.`id_main_category`=`tbl_assets`.`main_category_id`
JOIN `tbl_status` ON `tbl_status`.`id_status`=`tbl_assets`.`status_id`
JOIN `tbl_condition` ON `tbl_condition`.`id_condition`=`tbl_assets`.`condition_id`
JOIN `tbl_type_brand` ON `tbl_type_brand`.`id_type_brand`=`tbl_assets`.`type_brand_id`')
 4 SYSTEMPATH\Database\BaseBuilder.php(1616): CodeIgniter\Database\BaseConnection->query('SELECT *
FROM `tbl_assets`
JOIN `tbl_brand` ON `tbl_assets`.`brand_id`=`tbl_brand`.`id_brand`
JOIN `tbl_location` ON `tbl_assets`.`location_id`=`tbl_location`.`id_location`
JOIN `tbl_category` ON `tbl_category`.`id_category`=`tbl_assets`.`category_id`
JOIN `tbl_main_category` ON `tbl_main_category`.`id_main_category`=`tbl_assets`.`main_category_id`
JOIN `tbl_status` ON `tbl_status`.`id_status`=`tbl_assets`.`status_id`
JOIN `tbl_condition` ON `tbl_condition`.`id_condition`=`tbl_assets`.`condition_id`
JOIN `tbl_type_brand` ON `tbl_type_brand`.`id_type_brand`=`tbl_assets`.`type_brand_id`', [], false)
 5 SYSTEMPATH\Model.php(241): CodeIgniter\Database\BaseBuilder->get()
 6 SYSTEMPATH\BaseModel.php(618): CodeIgniter\Model->doFindAll(0, 0)
 7 APPPATH\Controllers\Assets.php(50): CodeIgniter\BaseModel->findAll()
 8 SYSTEMPATH\CodeIgniter.php(934): App\Controllers\Assets->index()
 9 SYSTEMPATH\CodeIgniter.php(499): CodeIgniter\CodeIgniter->runController(Object(App\Controllers\Assets))
10 SYSTEMPATH\CodeIgniter.php(368): CodeIgniter\CodeIgniter->handleRequest(null, Object(Config\Cache), false)
11 FCPATH\index.php(67): CodeIgniter\CodeIgniter->run()
12 SYSTEMPATH\Commands\Server\rewrite.php(47): require_once('C:\\xampp\\htdocs\\sarpras\\public\\index.php')
