INFO - 2023-10-01 02:24:48 --> Session: Class initialized using 'CodeIgniter\Session\Handlers\FileHandler' driver.
INFO - 2023-10-01 03:00:51 --> Session: Class initialized using 'CodeIgniter\Session\Handlers\FileHandler' driver.
INFO - 2023-10-01 03:00:53 --> Session: Class initialized using 'CodeIgniter\Session\Handlers\FileHandler' driver.
INFO - 2023-10-01 03:00:55 --> Session: Class initialized using 'CodeIgniter\Session\Handlers\FileHandler' driver.
INFO - 2023-10-01 03:00:57 --> Session: Class initialized using 'CodeIgniter\Session\Handlers\FileHandler' driver.
INFO - 2023-10-01 03:01:00 --> Session: Class initialized using 'CodeIgniter\Session\Handlers\FileHandler' driver.
INFO - 2023-10-01 03:01:03 --> Session: Class initialized using 'CodeIgniter\Session\Handlers\FileHandler' driver.
INFO - 2023-10-01 03:01:05 --> Session: Class initialized using 'CodeIgniter\Session\Handlers\FileHandler' driver.
INFO - 2023-10-01 03:01:09 --> Session: Class initialized using 'CodeIgniter\Session\Handlers\FileHandler' driver.
INFO - 2023-10-01 06:18:25 --> Session: Class initialized using 'CodeIgniter\Session\Handlers\FileHandler' driver.
CRITICAL - 2023-10-01 07:05:19 --> Invalid data at path "stimik_esq.jpeg"
in VENDORPATH\endroid\qr-code\src\ImageData\LogoImageData.php on line 43.
 1 VENDORPATH\endroid\qr-code\src\Writer\PngWriter.php(129): Endroid\QrCode\ImageData\LogoImageData::createForLogo(Object(Endroid\QrCode\Logo\Logo))
 2 VENDORPATH\endroid\qr-code\src\Writer\PngWriter.php(117): Endroid\QrCode\Writer\PngWriter->addLogo(Object(Endroid\QrCode\Logo\Logo), Object(Endroid\QrCode\Writer\Result\PngResult))
 3 APPPATH\Controllers\Assets.php(161): Endroid\QrCode\Writer\PngWriter->write(Object(Endroid\QrCode\QrCode), Object(Endroid\QrCode\Logo\Logo), Object(Endroid\QrCode\Label\Label))
 4 APPPATH\Controllers\Assets.php(88): App\Controllers\Assets->generate_qr('EBS20231001070518')
 5 SYSTEMPATH\CodeIgniter.php(934): App\Controllers\Assets->tambah()
 6 SYSTEMPATH\CodeIgniter.php(499): CodeIgniter\CodeIgniter->runController(Object(App\Controllers\Assets))
 7 SYSTEMPATH\CodeIgniter.php(368): CodeIgniter\CodeIgniter->handleRequest(null, Object(Config\Cache), false)
 8 FCPATH\index.php(67): CodeIgniter\CodeIgniter->run()
 9 SYSTEMPATH\Commands\Server\rewrite.php(47): require_once('C:\\xampp\\htdocs\\sarpras\\public\\index.php')
INFO - 2023-10-01 07:06:09 --> Session: Class initialized using 'CodeIgniter\Session\Handlers\FileHandler' driver.
INFO - 2023-10-01 07:09:20 --> Session: Class initialized using 'CodeIgniter\Session\Handlers\FileHandler' driver.
INFO - 2023-10-01 07:09:21 --> Session: Class initialized using 'CodeIgniter\Session\Handlers\FileHandler' driver.
INFO - 2023-10-01 07:12:09 --> Session: Class initialized using 'CodeIgniter\Session\Handlers\FileHandler' driver.
INFO - 2023-10-01 07:13:04 --> Session: Class initialized using 'CodeIgniter\Session\Handlers\FileHandler' driver.
ERROR - 2023-10-01 07:33:08 --> mysqli_sql_exception: Unknown column 'assets.code_assets' in 'field list' in C:\xampp\htdocs\sarpras\vendor\codeigniter4\framework\system\Database\MySQLi\Connection.php:295
Stack trace:
#0 C:\xampp\htdocs\sarpras\vendor\codeigniter4\framework\system\Database\MySQLi\Connection.php(295): mysqli->query('SELECT `assets`...', 0)
#1 C:\xampp\htdocs\sarpras\vendor\codeigniter4\framework\system\Database\BaseConnection.php(692): CodeIgniter\Database\MySQLi\Connection->execute('SELECT `assets`...')
#2 C:\xampp\htdocs\sarpras\vendor\codeigniter4\framework\system\Database\BaseConnection.php(606): CodeIgniter\Database\BaseConnection->simpleQuery('SELECT `assets`...')
#3 C:\xampp\htdocs\sarpras\vendor\codeigniter4\framework\system\Database\BaseBuilder.php(1616): CodeIgniter\Database\BaseConnection->query('SELECT `assets`...', Array, false)
#4 C:\xampp\htdocs\sarpras\vendor\codeigniter4\framework\system\Model.php(241): CodeIgniter\Database\BaseBuilder->get()
#5 C:\xampp\htdocs\sarpras\vendor\codeigniter4\framework\system\BaseModel.php(618): CodeIgniter\Model->doFindAll(0, 0)
#6 C:\xampp\htdocs\sarpras\app\Controllers\Assets.php(61): CodeIgniter\BaseModel->findAll()
#7 C:\xampp\htdocs\sarpras\vendor\codeigniter4\framework\system\CodeIgniter.php(934): App\Controllers\Assets->index()
#8 C:\xampp\htdocs\sarpras\vendor\codeigniter4\framework\system\CodeIgniter.php(499): CodeIgniter\CodeIgniter->runController(Object(App\Controllers\Assets))
#9 C:\xampp\htdocs\sarpras\vendor\codeigniter4\framework\system\CodeIgniter.php(368): CodeIgniter\CodeIgniter->handleRequest(NULL, Object(Config\Cache), false)
#10 C:\xampp\htdocs\sarpras\public\index.php(67): CodeIgniter\CodeIgniter->run()
#11 C:\xampp\htdocs\sarpras\vendor\codeigniter4\framework\system\Commands\Server\rewrite.php(47): require_once('C:\\xampp\\htdocs...')
#12 {main}
CRITICAL - 2023-10-01 07:33:08 --> Unknown column 'assets.code_assets' in 'field list'
in SYSTEMPATH\Database\MySQLi\Connection.php on line 295.
 1 SYSTEMPATH\Database\MySQLi\Connection.php(295): mysqli->query('SELECT `assets`.`code_assets`
FROM `tbl_assets`
LEFT JOIN `tbl_brand` ON `tbl_brand`.`id_brand`=`tbl_assets`.`brand_id`
LEFT JOIN `tbl_location` ON `tbl_location`.`id_location`=`tbl_assets`.`location_id`
LEFT JOIN `tbl_category` ON `tbl_category`.`id_category`=`tbl_assets`.`category_id`
LEFT JOIN `tbl_main_category` ON `tbl_main_category`.`id_main_category`=`tbl_assets`.`main_category_id`
LEFT JOIN `tbl_status` ON `tbl_status`.`id_status`=`tbl_assets`.`status_id`
LEFT JOIN `tbl_condition` ON `tbl_condition`.`id_condition`=`tbl_assets`.`condition_id`
LEFT JOIN `tbl_type_brand` ON `tbl_type_brand`.`id_type_brand`=`tbl_assets`.`type_brand_id`', 0)
 2 SYSTEMPATH\Database\BaseConnection.php(692): CodeIgniter\Database\MySQLi\Connection->execute('SELECT `assets`.`code_assets`
FROM `tbl_assets`
LEFT JOIN `tbl_brand` ON `tbl_brand`.`id_brand`=`tbl_assets`.`brand_id`
LEFT JOIN `tbl_location` ON `tbl_location`.`id_location`=`tbl_assets`.`location_id`
LEFT JOIN `tbl_category` ON `tbl_category`.`id_category`=`tbl_assets`.`category_id`
LEFT JOIN `tbl_main_category` ON `tbl_main_category`.`id_main_category`=`tbl_assets`.`main_category_id`
LEFT JOIN `tbl_status` ON `tbl_status`.`id_status`=`tbl_assets`.`status_id`
LEFT JOIN `tbl_condition` ON `tbl_condition`.`id_condition`=`tbl_assets`.`condition_id`
LEFT JOIN `tbl_type_brand` ON `tbl_type_brand`.`id_type_brand`=`tbl_assets`.`type_brand_id`')
 3 SYSTEMPATH\Database\BaseConnection.php(606): CodeIgniter\Database\BaseConnection->simpleQuery('SELECT `assets`.`code_assets`
FROM `tbl_assets`
LEFT JOIN `tbl_brand` ON `tbl_brand`.`id_brand`=`tbl_assets`.`brand_id`
LEFT JOIN `tbl_location` ON `tbl_location`.`id_location`=`tbl_assets`.`location_id`
LEFT JOIN `tbl_category` ON `tbl_category`.`id_category`=`tbl_assets`.`category_id`
LEFT JOIN `tbl_main_category` ON `tbl_main_category`.`id_main_category`=`tbl_assets`.`main_category_id`
LEFT JOIN `tbl_status` ON `tbl_status`.`id_status`=`tbl_assets`.`status_id`
LEFT JOIN `tbl_condition` ON `tbl_condition`.`id_condition`=`tbl_assets`.`condition_id`
LEFT JOIN `tbl_type_brand` ON `tbl_type_brand`.`id_type_brand`=`tbl_assets`.`type_brand_id`')
 4 SYSTEMPATH\Database\BaseBuilder.php(1616): CodeIgniter\Database\BaseConnection->query('SELECT `assets`.`code_assets`
FROM `tbl_assets`
LEFT JOIN `tbl_brand` ON `tbl_brand`.`id_brand`=`tbl_assets`.`brand_id`
LEFT JOIN `tbl_location` ON `tbl_location`.`id_location`=`tbl_assets`.`location_id`
LEFT JOIN `tbl_category` ON `tbl_category`.`id_category`=`tbl_assets`.`category_id`
LEFT JOIN `tbl_main_category` ON `tbl_main_category`.`id_main_category`=`tbl_assets`.`main_category_id`
LEFT JOIN `tbl_status` ON `tbl_status`.`id_status`=`tbl_assets`.`status_id`
LEFT JOIN `tbl_condition` ON `tbl_condition`.`id_condition`=`tbl_assets`.`condition_id`
LEFT JOIN `tbl_type_brand` ON `tbl_type_brand`.`id_type_brand`=`tbl_assets`.`type_brand_id`', [], false)
 5 SYSTEMPATH\Model.php(241): CodeIgniter\Database\BaseBuilder->get()
 6 SYSTEMPATH\BaseModel.php(618): CodeIgniter\Model->doFindAll(0, 0)
 7 APPPATH\Controllers\Assets.php(61): CodeIgniter\BaseModel->findAll()
 8 SYSTEMPATH\CodeIgniter.php(934): App\Controllers\Assets->index()
 9 SYSTEMPATH\CodeIgniter.php(499): CodeIgniter\CodeIgniter->runController(Object(App\Controllers\Assets))
10 SYSTEMPATH\CodeIgniter.php(368): CodeIgniter\CodeIgniter->handleRequest(null, Object(Config\Cache), false)
11 FCPATH\index.php(67): CodeIgniter\CodeIgniter->run()
12 SYSTEMPATH\Commands\Server\rewrite.php(47): require_once('C:\\xampp\\htdocs\\sarpras\\public\\index.php')
ERROR - 2023-10-01 07:33:48 --> mysqli_sql_exception: Unknown column 'nama_assets' in 'field list' in C:\xampp\htdocs\sarpras\vendor\codeigniter4\framework\system\Database\MySQLi\Connection.php:295
Stack trace:
#0 C:\xampp\htdocs\sarpras\vendor\codeigniter4\framework\system\Database\MySQLi\Connection.php(295): mysqli->query('SELECT `code_as...', 0)
#1 C:\xampp\htdocs\sarpras\vendor\codeigniter4\framework\system\Database\BaseConnection.php(692): CodeIgniter\Database\MySQLi\Connection->execute('SELECT `code_as...')
#2 C:\xampp\htdocs\sarpras\vendor\codeigniter4\framework\system\Database\BaseConnection.php(606): CodeIgniter\Database\BaseConnection->simpleQuery('SELECT `code_as...')
#3 C:\xampp\htdocs\sarpras\vendor\codeigniter4\framework\system\Database\BaseBuilder.php(1616): CodeIgniter\Database\BaseConnection->query('SELECT `code_as...', Array, false)
#4 C:\xampp\htdocs\sarpras\vendor\codeigniter4\framework\system\Model.php(241): CodeIgniter\Database\BaseBuilder->get()
#5 C:\xampp\htdocs\sarpras\vendor\codeigniter4\framework\system\BaseModel.php(618): CodeIgniter\Model->doFindAll(0, 0)
#6 C:\xampp\htdocs\sarpras\app\Controllers\Assets.php(61): CodeIgniter\BaseModel->findAll()
#7 C:\xampp\htdocs\sarpras\vendor\codeigniter4\framework\system\CodeIgniter.php(934): App\Controllers\Assets->index()
#8 C:\xampp\htdocs\sarpras\vendor\codeigniter4\framework\system\CodeIgniter.php(499): CodeIgniter\CodeIgniter->runController(Object(App\Controllers\Assets))
#9 C:\xampp\htdocs\sarpras\vendor\codeigniter4\framework\system\CodeIgniter.php(368): CodeIgniter\CodeIgniter->handleRequest(NULL, Object(Config\Cache), false)
#10 C:\xampp\htdocs\sarpras\public\index.php(67): CodeIgniter\CodeIgniter->run()
#11 C:\xampp\htdocs\sarpras\vendor\codeigniter4\framework\system\Commands\Server\rewrite.php(47): require_once('C:\\xampp\\htdocs...')
#12 {main}
CRITICAL - 2023-10-01 07:33:48 --> Unknown column 'nama_assets' in 'field list'
in SYSTEMPATH\Database\MySQLi\Connection.php on line 295.
 1 SYSTEMPATH\Database\MySQLi\Connection.php(295): mysqli->query('SELECT `code_assets`, `nama_assets`
FROM `tbl_assets`
LEFT JOIN `tbl_brand` ON `tbl_brand`.`id_brand`=`tbl_assets`.`brand_id`
LEFT JOIN `tbl_location` ON `tbl_location`.`id_location`=`tbl_assets`.`location_id`
LEFT JOIN `tbl_category` ON `tbl_category`.`id_category`=`tbl_assets`.`category_id`
LEFT JOIN `tbl_main_category` ON `tbl_main_category`.`id_main_category`=`tbl_assets`.`main_category_id`
LEFT JOIN `tbl_status` ON `tbl_status`.`id_status`=`tbl_assets`.`status_id`
LEFT JOIN `tbl_condition` ON `tbl_condition`.`id_condition`=`tbl_assets`.`condition_id`
LEFT JOIN `tbl_type_brand` ON `tbl_type_brand`.`id_type_brand`=`tbl_assets`.`type_brand_id`', 0)
 2 SYSTEMPATH\Database\BaseConnection.php(692): CodeIgniter\Database\MySQLi\Connection->execute('SELECT `code_assets`, `nama_assets`
FROM `tbl_assets`
LEFT JOIN `tbl_brand` ON `tbl_brand`.`id_brand`=`tbl_assets`.`brand_id`
LEFT JOIN `tbl_location` ON `tbl_location`.`id_location`=`tbl_assets`.`location_id`
LEFT JOIN `tbl_category` ON `tbl_category`.`id_category`=`tbl_assets`.`category_id`
LEFT JOIN `tbl_main_category` ON `tbl_main_category`.`id_main_category`=`tbl_assets`.`main_category_id`
LEFT JOIN `tbl_status` ON `tbl_status`.`id_status`=`tbl_assets`.`status_id`
LEFT JOIN `tbl_condition` ON `tbl_condition`.`id_condition`=`tbl_assets`.`condition_id`
LEFT JOIN `tbl_type_brand` ON `tbl_type_brand`.`id_type_brand`=`tbl_assets`.`type_brand_id`')
 3 SYSTEMPATH\Database\BaseConnection.php(606): CodeIgniter\Database\BaseConnection->simpleQuery('SELECT `code_assets`, `nama_assets`
FROM `tbl_assets`
LEFT JOIN `tbl_brand` ON `tbl_brand`.`id_brand`=`tbl_assets`.`brand_id`
LEFT JOIN `tbl_location` ON `tbl_location`.`id_location`=`tbl_assets`.`location_id`
LEFT JOIN `tbl_category` ON `tbl_category`.`id_category`=`tbl_assets`.`category_id`
LEFT JOIN `tbl_main_category` ON `tbl_main_category`.`id_main_category`=`tbl_assets`.`main_category_id`
LEFT JOIN `tbl_status` ON `tbl_status`.`id_status`=`tbl_assets`.`status_id`
LEFT JOIN `tbl_condition` ON `tbl_condition`.`id_condition`=`tbl_assets`.`condition_id`
LEFT JOIN `tbl_type_brand` ON `tbl_type_brand`.`id_type_brand`=`tbl_assets`.`type_brand_id`')
 4 SYSTEMPATH\Database\BaseBuilder.php(1616): CodeIgniter\Database\BaseConnection->query('SELECT `code_assets`, `nama_assets`
FROM `tbl_assets`
LEFT JOIN `tbl_brand` ON `tbl_brand`.`id_brand`=`tbl_assets`.`brand_id`
LEFT JOIN `tbl_location` ON `tbl_location`.`id_location`=`tbl_assets`.`location_id`
LEFT JOIN `tbl_category` ON `tbl_category`.`id_category`=`tbl_assets`.`category_id`
LEFT JOIN `tbl_main_category` ON `tbl_main_category`.`id_main_category`=`tbl_assets`.`main_category_id`
LEFT JOIN `tbl_status` ON `tbl_status`.`id_status`=`tbl_assets`.`status_id`
LEFT JOIN `tbl_condition` ON `tbl_condition`.`id_condition`=`tbl_assets`.`condition_id`
LEFT JOIN `tbl_type_brand` ON `tbl_type_brand`.`id_type_brand`=`tbl_assets`.`type_brand_id`', [], false)
 5 SYSTEMPATH\Model.php(241): CodeIgniter\Database\BaseBuilder->get()
 6 SYSTEMPATH\BaseModel.php(618): CodeIgniter\Model->doFindAll(0, 0)
 7 APPPATH\Controllers\Assets.php(61): CodeIgniter\BaseModel->findAll()
 8 SYSTEMPATH\CodeIgniter.php(934): App\Controllers\Assets->index()
 9 SYSTEMPATH\CodeIgniter.php(499): CodeIgniter\CodeIgniter->runController(Object(App\Controllers\Assets))
10 SYSTEMPATH\CodeIgniter.php(368): CodeIgniter\CodeIgniter->handleRequest(null, Object(Config\Cache), false)
11 FCPATH\index.php(67): CodeIgniter\CodeIgniter->run()
12 SYSTEMPATH\Commands\Server\rewrite.php(47): require_once('C:\\xampp\\htdocs\\sarpras\\public\\index.php')
INFO - 2023-10-01 07:34:04 --> Session: Class initialized using 'CodeIgniter\Session\Handlers\FileHandler' driver.
INFO - 2023-10-01 07:36:15 --> Session: Class initialized using 'CodeIgniter\Session\Handlers\FileHandler' driver.
INFO - 2023-10-01 07:36:31 --> Session: Class initialized using 'CodeIgniter\Session\Handlers\FileHandler' driver.
INFO - 2023-10-01 07:38:05 --> Session: Class initialized using 'CodeIgniter\Session\Handlers\FileHandler' driver.
INFO - 2023-10-01 07:38:12 --> Session: Class initialized using 'CodeIgniter\Session\Handlers\FileHandler' driver.
INFO - 2023-10-01 07:39:26 --> Session: Class initialized using 'CodeIgniter\Session\Handlers\FileHandler' driver.
INFO - 2023-10-01 07:40:03 --> Session: Class initialized using 'CodeIgniter\Session\Handlers\FileHandler' driver.
INFO - 2023-10-01 07:44:12 --> Session: Class initialized using 'CodeIgniter\Session\Handlers\FileHandler' driver.
INFO - 2023-10-01 12:54:11 --> Session: Class initialized using 'CodeIgniter\Session\Handlers\FileHandler' driver.
INFO - 2023-10-01 12:54:34 --> Session: Class initialized using 'CodeIgniter\Session\Handlers\FileHandler' driver.
INFO - 2023-10-01 12:55:03 --> Session: Class initialized using 'CodeIgniter\Session\Handlers\FileHandler' driver.
INFO - 2023-10-01 13:47:14 --> Session: Class initialized using 'CodeIgniter\Session\Handlers\FileHandler' driver.
INFO - 2023-10-01 13:47:55 --> Session: Class initialized using 'CodeIgniter\Session\Handlers\FileHandler' driver.
INFO - 2023-10-01 13:47:55 --> Session: Class initialized using 'CodeIgniter\Session\Handlers\FileHandler' driver.
INFO - 2023-10-01 13:48:12 --> Session: Class initialized using 'CodeIgniter\Session\Handlers\FileHandler' driver.
INFO - 2023-10-01 13:48:14 --> Session: Class initialized using 'CodeIgniter\Session\Handlers\FileHandler' driver.
INFO - 2023-10-01 13:54:10 --> Session: Class initialized using 'CodeIgniter\Session\Handlers\FileHandler' driver.
INFO - 2023-10-01 13:54:44 --> Session: Class initialized using 'CodeIgniter\Session\Handlers\FileHandler' driver.
INFO - 2023-10-01 13:54:47 --> Session: Class initialized using 'CodeIgniter\Session\Handlers\FileHandler' driver.
INFO - 2023-10-01 13:54:59 --> Session: Class initialized using 'CodeIgniter\Session\Handlers\FileHandler' driver.
INFO - 2023-10-01 13:55:20 --> Session: Class initialized using 'CodeIgniter\Session\Handlers\FileHandler' driver.
INFO - 2023-10-01 13:55:25 --> Session: Class initialized using 'CodeIgniter\Session\Handlers\FileHandler' driver.
INFO - 2023-10-01 13:55:25 --> Session: Class initialized using 'CodeIgniter\Session\Handlers\FileHandler' driver.
INFO - 2023-10-01 13:55:32 --> Session: Class initialized using 'CodeIgniter\Session\Handlers\FileHandler' driver.
INFO - 2023-10-01 13:55:34 --> Session: Class initialized using 'CodeIgniter\Session\Handlers\FileHandler' driver.
INFO - 2023-10-01 13:55:35 --> Session: Class initialized using 'CodeIgniter\Session\Handlers\FileHandler' driver.
INFO - 2023-10-01 13:55:36 --> Session: Class initialized using 'CodeIgniter\Session\Handlers\FileHandler' driver.
INFO - 2023-10-01 13:56:23 --> Session: Class initialized using 'CodeIgniter\Session\Handlers\FileHandler' driver.
INFO - 2023-10-01 13:56:31 --> Session: Class initialized using 'CodeIgniter\Session\Handlers\FileHandler' driver.
INFO - 2023-10-01 13:56:31 --> Session: Class initialized using 'CodeIgniter\Session\Handlers\FileHandler' driver.
INFO - 2023-10-01 13:56:36 --> Session: Class initialized using 'CodeIgniter\Session\Handlers\FileHandler' driver.
INFO - 2023-10-01 13:56:36 --> Session: Class initialized using 'CodeIgniter\Session\Handlers\FileHandler' driver.
INFO - 2023-10-01 13:56:40 --> Session: Class initialized using 'CodeIgniter\Session\Handlers\FileHandler' driver.
INFO - 2023-10-01 13:57:36 --> Session: Class initialized using 'CodeIgniter\Session\Handlers\FileHandler' driver.
INFO - 2023-10-01 14:01:44 --> Session: Class initialized using 'CodeIgniter\Session\Handlers\FileHandler' driver.
INFO - 2023-10-01 14:01:46 --> Session: Class initialized using 'CodeIgniter\Session\Handlers\FileHandler' driver.
INFO - 2023-10-01 14:01:47 --> Session: Class initialized using 'CodeIgniter\Session\Handlers\FileHandler' driver.
INFO - 2023-10-01 14:01:51 --> Session: Class initialized using 'CodeIgniter\Session\Handlers\FileHandler' driver.
INFO - 2023-10-01 14:01:53 --> Session: Class initialized using 'CodeIgniter\Session\Handlers\FileHandler' driver.
INFO - 2023-10-01 14:01:53 --> Session: Class initialized using 'CodeIgniter\Session\Handlers\FileHandler' driver.
INFO - 2023-10-01 14:02:02 --> Session: Class initialized using 'CodeIgniter\Session\Handlers\FileHandler' driver.
INFO - 2023-10-01 14:02:02 --> Session: Class initialized using 'CodeIgniter\Session\Handlers\FileHandler' driver.
INFO - 2023-10-01 14:02:05 --> Session: Class initialized using 'CodeIgniter\Session\Handlers\FileHandler' driver.
INFO - 2023-10-01 14:03:22 --> Session: Class initialized using 'CodeIgniter\Session\Handlers\FileHandler' driver.
CRITICAL - 2023-10-01 14:03:24 --> Undefined index: code_assets
in APPPATH\Views\assets\add.php on line 37.
 1 APPPATH\Views\assets\add.php(37): CodeIgniter\Debug\Exceptions->errorHandler(8, 'Undefined index: code_assets', 'C:\\xampp\\htdocs\\sarpras\\app\\Views\\assets\\add.php', 37, [...])
 2 SYSTEMPATH\View\View.php(213): include('C:\\xampp\\htdocs\\sarpras\\app\\Views\\assets\\add.php')
 3 SYSTEMPATH\View\View.php(216): CodeIgniter\View\View->CodeIgniter\View\{closure}()
 4 SYSTEMPATH\Common.php(1184): CodeIgniter\View\View->render('assets/add', [], true)
 5 APPPATH\Controllers\Assets.php(115): view('assets/add', [...])
 6 SYSTEMPATH\CodeIgniter.php(934): App\Controllers\Assets->edit('1')
 7 SYSTEMPATH\CodeIgniter.php(499): CodeIgniter\CodeIgniter->runController(Object(App\Controllers\Assets))
 8 SYSTEMPATH\CodeIgniter.php(368): CodeIgniter\CodeIgniter->handleRequest(null, Object(Config\Cache), false)
 9 FCPATH\index.php(67): CodeIgniter\CodeIgniter->run()
10 SYSTEMPATH\Commands\Server\rewrite.php(47): require_once('C:\\xampp\\htdocs\\sarpras\\public\\index.php')
CRITICAL - 2023-10-01 14:05:57 --> Undefined variable: assets
in APPPATH\Views\assets\edit.php on line 37.
 1 APPPATH\Views\assets\edit.php(37): CodeIgniter\Debug\Exceptions->errorHandler(8, 'Undefined variable: assets', 'C:\\xampp\\htdocs\\sarpras\\app\\Views\\assets\\edit.php', 37, [...])
 2 SYSTEMPATH\View\View.php(213): include('C:\\xampp\\htdocs\\sarpras\\app\\Views\\assets\\edit.php')
 3 SYSTEMPATH\View\View.php(216): CodeIgniter\View\View->CodeIgniter\View\{closure}()
 4 SYSTEMPATH\Common.php(1184): CodeIgniter\View\View->render('assets/edit', [], true)
 5 APPPATH\Controllers\Assets.php(115): view('assets/edit', [...])
 6 SYSTEMPATH\CodeIgniter.php(934): App\Controllers\Assets->edit('1')
 7 SYSTEMPATH\CodeIgniter.php(499): CodeIgniter\CodeIgniter->runController(Object(App\Controllers\Assets))
 8 SYSTEMPATH\CodeIgniter.php(368): CodeIgniter\CodeIgniter->handleRequest(null, Object(Config\Cache), false)
 9 FCPATH\index.php(67): CodeIgniter\CodeIgniter->run()
10 SYSTEMPATH\Commands\Server\rewrite.php(47): require_once('C:\\xampp\\htdocs\\sarpras\\public\\index.php')
INFO - 2023-10-01 14:10:26 --> Session: Class initialized using 'CodeIgniter\Session\Handlers\FileHandler' driver.
INFO - 2023-10-01 14:11:31 --> Session: Class initialized using 'CodeIgniter\Session\Handlers\FileHandler' driver.
INFO - 2023-10-01 14:12:38 --> Session: Class initialized using 'CodeIgniter\Session\Handlers\FileHandler' driver.
INFO - 2023-10-01 15:06:22 --> Session: Class initialized using 'CodeIgniter\Session\Handlers\FileHandler' driver.
INFO - 2023-10-01 15:06:24 --> Session: Class initialized using 'CodeIgniter\Session\Handlers\FileHandler' driver.
