INFO - 2023-12-06 03:24:32 --> Session: Class initialized using 'CodeIgniter\Session\Handlers\FileHandler' driver.
INFO - 2023-12-06 03:24:41 --> Session: Class initialized using 'CodeIgniter\Session\Handlers\FileHandler' driver.
INFO - 2023-12-06 03:24:41 --> Session: Class initialized using 'CodeIgniter\Session\Handlers\FileHandler' driver.
INFO - 2023-12-06 03:24:50 --> Session: Class initialized using 'CodeIgniter\Session\Handlers\FileHandler' driver.
INFO - 2023-12-06 03:25:05 --> Session: Class initialized using 'CodeIgniter\Session\Handlers\FileHandler' driver.
CRITICAL - 2023-12-06 03:25:05 --> Undefined index: assets
in APPPATH\Views\assets\index.php on line 150.
 1 APPPATH\Views\assets\index.php(150): CodeIgniter\Debug\Exceptions->errorHandler(8, 'Undefined index: assets', 'C:\\xampp\\htdocs\\sarpras\\app\\Views\\assets\\index.php', 150, [...])
 2 SYSTEMPATH\View\View.php(213): include('C:\\xampp\\htdocs\\sarpras\\app\\Views\\assets\\index.php')
 3 SYSTEMPATH\View\View.php(216): CodeIgniter\View\View->CodeIgniter\View\{closure}()
 4 SYSTEMPATH\Common.php(1184): CodeIgniter\View\View->render('assets/index', [], true)
 5 APPPATH\Controllers\Assets.php(106): view('assets/index', [...])
 6 SYSTEMPATH\CodeIgniter.php(934): App\Controllers\Assets->index()
 7 SYSTEMPATH\CodeIgniter.php(499): CodeIgniter\CodeIgniter->runController(Object(App\Controllers\Assets))
 8 SYSTEMPATH\CodeIgniter.php(368): CodeIgniter\CodeIgniter->handleRequest(null, Object(Config\Cache), false)
 9 FCPATH\index.php(67): CodeIgniter\CodeIgniter->run()
10 SYSTEMPATH\Commands\Server\rewrite.php(47): require_once('C:\\xampp\\htdocs\\sarpras\\public\\index.php')
INFO - 2023-12-06 03:56:05 --> Session: Class initialized using 'CodeIgniter\Session\Handlers\FileHandler' driver.
INFO - 2023-12-06 03:56:17 --> Session: Class initialized using 'CodeIgniter\Session\Handlers\FileHandler' driver.
CRITICAL - 2023-12-06 03:56:17 --> Call to a member function links() on null
in APPPATH\Views\assets\index.php on line 199.
 1 SYSTEMPATH\View\View.php(213): include()
 2 SYSTEMPATH\View\View.php(216): CodeIgniter\View\View->CodeIgniter\View\{closure}()
 3 SYSTEMPATH\Common.php(1184): CodeIgniter\View\View->render('assets/index', [], true)
 4 APPPATH\Controllers\Assets.php(109): view('assets/index', [...])
 5 SYSTEMPATH\CodeIgniter.php(934): App\Controllers\Assets->index()
 6 SYSTEMPATH\CodeIgniter.php(499): CodeIgniter\CodeIgniter->runController(Object(App\Controllers\Assets))
 7 SYSTEMPATH\CodeIgniter.php(368): CodeIgniter\CodeIgniter->handleRequest(null, Object(Config\Cache), false)
 8 FCPATH\index.php(67): CodeIgniter\CodeIgniter->run()
 9 SYSTEMPATH\Commands\Server\rewrite.php(47): require_once('C:\\xampp\\htdocs\\sarpras\\public\\index.php')
INFO - 2023-12-06 04:02:20 --> Session: Class initialized using 'CodeIgniter\Session\Handlers\FileHandler' driver.
CRITICAL - 2023-12-06 04:02:34 --> Argument 2 passed to CodeIgniter\Config\Services::pager() must implement interface CodeIgniter\View\RendererInterface or be null, int given, called in C:\xampp\htdocs\sarpras\vendor\codeigniter4\framework\system\Config\BaseService.php on line 252
in SYSTEMPATH\Config\Services.php on line 437.
 1 SYSTEMPATH\Config\BaseService.php(252): CodeIgniter\Config\Services::pager(null, 0, 10)
 2 APPPATH\Controllers\Assets.php(86): CodeIgniter\Config\BaseService::__callStatic('pager', [...])
 3 SYSTEMPATH\CodeIgniter.php(934): App\Controllers\Assets->index()
 4 SYSTEMPATH\CodeIgniter.php(499): CodeIgniter\CodeIgniter->runController(Object(App\Controllers\Assets))
 5 SYSTEMPATH\CodeIgniter.php(368): CodeIgniter\CodeIgniter->handleRequest(null, Object(Config\Cache), false)
 6 FCPATH\index.php(67): CodeIgniter\CodeIgniter->run()
 7 SYSTEMPATH\Commands\Server\rewrite.php(47): require_once('C:\\xampp\\htdocs\\sarpras\\public\\index.php')
INFO - 2023-12-06 04:11:05 --> Session: Class initialized using 'CodeIgniter\Session\Handlers\FileHandler' driver.
INFO - 2023-12-06 04:11:20 --> Session: Class initialized using 'CodeIgniter\Session\Handlers\FileHandler' driver.
CRITICAL - 2023-12-06 04:11:20 --> Undefined index: assets
in APPPATH\Views\assets\index.php on line 150.
 1 APPPATH\Views\assets\index.php(150): CodeIgniter\Debug\Exceptions->errorHandler(8, 'Undefined index: assets', 'C:\\xampp\\htdocs\\sarpras\\app\\Views\\assets\\index.php', 150, [...])
 2 SYSTEMPATH\View\View.php(213): include('C:\\xampp\\htdocs\\sarpras\\app\\Views\\assets\\index.php')
 3 SYSTEMPATH\View\View.php(216): CodeIgniter\View\View->CodeIgniter\View\{closure}()
 4 SYSTEMPATH\Common.php(1184): CodeIgniter\View\View->render('assets/index', [], true)
 5 APPPATH\Controllers\Assets.php(106): view('assets/index', [...])
 6 SYSTEMPATH\CodeIgniter.php(934): App\Controllers\Assets->index()
 7 SYSTEMPATH\CodeIgniter.php(499): CodeIgniter\CodeIgniter->runController(Object(App\Controllers\Assets))
 8 SYSTEMPATH\CodeIgniter.php(368): CodeIgniter\CodeIgniter->handleRequest(null, Object(Config\Cache), false)
 9 FCPATH\index.php(67): CodeIgniter\CodeIgniter->run()
10 SYSTEMPATH\Commands\Server\rewrite.php(47): require_once('C:\\xampp\\htdocs\\sarpras\\public\\index.php')
INFO - 2023-12-06 04:12:18 --> Session: Class initialized using 'CodeIgniter\Session\Handlers\FileHandler' driver.
INFO - 2023-12-06 04:12:41 --> Session: Class initialized using 'CodeIgniter\Session\Handlers\FileHandler' driver.
INFO - 2023-12-06 04:13:04 --> Session: Class initialized using 'CodeIgniter\Session\Handlers\FileHandler' driver.
INFO - 2023-12-06 04:13:20 --> Session: Class initialized using 'CodeIgniter\Session\Handlers\FileHandler' driver.
INFO - 2023-12-06 04:13:27 --> Session: Class initialized using 'CodeIgniter\Session\Handlers\FileHandler' driver.
INFO - 2023-12-06 04:13:38 --> Session: Class initialized using 'CodeIgniter\Session\Handlers\FileHandler' driver.
INFO - 2023-12-06 04:13:48 --> Session: Class initialized using 'CodeIgniter\Session\Handlers\FileHandler' driver.
INFO - 2023-12-06 04:16:06 --> Session: Class initialized using 'CodeIgniter\Session\Handlers\FileHandler' driver.
INFO - 2023-12-06 04:16:45 --> Session: Class initialized using 'CodeIgniter\Session\Handlers\FileHandler' driver.
INFO - 2023-12-06 04:18:26 --> Session: Class initialized using 'CodeIgniter\Session\Handlers\FileHandler' driver.
INFO - 2023-12-06 04:18:46 --> Session: Class initialized using 'CodeIgniter\Session\Handlers\FileHandler' driver.
INFO - 2023-12-06 04:19:56 --> Session: Class initialized using 'CodeIgniter\Session\Handlers\FileHandler' driver.
INFO - 2023-12-06 04:21:31 --> Session: Class initialized using 'CodeIgniter\Session\Handlers\FileHandler' driver.
INFO - 2023-12-06 04:21:50 --> Session: Class initialized using 'CodeIgniter\Session\Handlers\FileHandler' driver.
INFO - 2023-12-06 04:22:59 --> Session: Class initialized using 'CodeIgniter\Session\Handlers\FileHandler' driver.
INFO - 2023-12-06 04:23:58 --> Session: Class initialized using 'CodeIgniter\Session\Handlers\FileHandler' driver.
INFO - 2023-12-06 04:24:08 --> Session: Class initialized using 'CodeIgniter\Session\Handlers\FileHandler' driver.
INFO - 2023-12-06 04:24:12 --> Session: Class initialized using 'CodeIgniter\Session\Handlers\FileHandler' driver.
INFO - 2023-12-06 04:24:33 --> Session: Class initialized using 'CodeIgniter\Session\Handlers\FileHandler' driver.
INFO - 2023-12-06 04:24:47 --> Session: Class initialized using 'CodeIgniter\Session\Handlers\FileHandler' driver.
INFO - 2023-12-06 04:29:44 --> Session: Class initialized using 'CodeIgniter\Session\Handlers\FileHandler' driver.
ERROR - 2023-12-06 04:29:57 --> mysqli_sql_exception: Unknown column 'tbl_assets.id_main_category' in 'where clause' in C:\xampp\htdocs\sarpras\vendor\codeigniter4\framework\system\Database\MySQLi\Connection.php:295
Stack trace:
#0 C:\xampp\htdocs\sarpras\vendor\codeigniter4\framework\system\Database\MySQLi\Connection.php(295): mysqli->query('SELECT *\nFROM `...', 0)
#1 C:\xampp\htdocs\sarpras\vendor\codeigniter4\framework\system\Database\BaseConnection.php(692): CodeIgniter\Database\MySQLi\Connection->execute('SELECT *\nFROM `...')
#2 C:\xampp\htdocs\sarpras\vendor\codeigniter4\framework\system\Database\BaseConnection.php(606): CodeIgniter\Database\BaseConnection->simpleQuery('SELECT *\nFROM `...')
#3 C:\xampp\htdocs\sarpras\vendor\codeigniter4\framework\system\Database\BaseBuilder.php(1616): CodeIgniter\Database\BaseConnection->query('SELECT *\nFROM `...', Array, false)
#4 C:\xampp\htdocs\sarpras\app\Controllers\Assets.php(79): CodeIgniter\Database\BaseBuilder->get()
#5 C:\xampp\htdocs\sarpras\vendor\codeigniter4\framework\system\CodeIgniter.php(934): App\Controllers\Assets->index()
#6 C:\xampp\htdocs\sarpras\vendor\codeigniter4\framework\system\CodeIgniter.php(499): CodeIgniter\CodeIgniter->runController(Object(App\Controllers\Assets))
#7 C:\xampp\htdocs\sarpras\vendor\codeigniter4\framework\system\CodeIgniter.php(368): CodeIgniter\CodeIgniter->handleRequest(NULL, Object(Config\Cache), false)
#8 C:\xampp\htdocs\sarpras\public\index.php(67): CodeIgniter\CodeIgniter->run()
#9 C:\xampp\htdocs\sarpras\vendor\codeigniter4\framework\system\Commands\Server\rewrite.php(47): require_once('C:\\xampp\\htdocs...')
#10 {main}
CRITICAL - 2023-12-06 04:29:57 --> Unknown column 'tbl_assets.id_main_category' in 'where clause'
in SYSTEMPATH\Database\MySQLi\Connection.php on line 295.
 1 SYSTEMPATH\Database\MySQLi\Connection.php(295): mysqli->query('SELECT *
FROM `tbl_assets`
LEFT JOIN `tbl_brand` ON `tbl_brand`.`id_brand`=`tbl_assets`.`brand_id`
LEFT JOIN `tbl_location` ON `tbl_location`.`id_location`=`tbl_assets`.`location_id`
LEFT JOIN `tbl_category` ON `tbl_category`.`id_category`=`tbl_assets`.`category_id`
LEFT JOIN `tbl_main_category` ON `tbl_main_category`.`id_main_category`=`tbl_assets`.`main_category_id`
LEFT JOIN `tbl_status` ON `tbl_status`.`id_status`=`tbl_assets`.`status_id`
LEFT JOIN `tbl_condition` ON `tbl_condition`.`id_condition`=`tbl_assets`.`condition_id`
LEFT JOIN `tbl_type_brand` ON `tbl_type_brand`.`id_type_brand`=`tbl_assets`.`type_brand_id`
WHERE `tbl_assets`.`id_main_category` = 1
AND `tbl_category`.`id_category` = \'Select Part\'
AND `tbl_location`.`id_location` = \'Select Part\'
AND `tbl_condition`.`id_condition` = \'Select Part\'', 0)
 2 SYSTEMPATH\Database\BaseConnection.php(692): CodeIgniter\Database\MySQLi\Connection->execute('SELECT *
FROM `tbl_assets`
LEFT JOIN `tbl_brand` ON `tbl_brand`.`id_brand`=`tbl_assets`.`brand_id`
LEFT JOIN `tbl_location` ON `tbl_location`.`id_location`=`tbl_assets`.`location_id`
LEFT JOIN `tbl_category` ON `tbl_category`.`id_category`=`tbl_assets`.`category_id`
LEFT JOIN `tbl_main_category` ON `tbl_main_category`.`id_main_category`=`tbl_assets`.`main_category_id`
LEFT JOIN `tbl_status` ON `tbl_status`.`id_status`=`tbl_assets`.`status_id`
LEFT JOIN `tbl_condition` ON `tbl_condition`.`id_condition`=`tbl_assets`.`condition_id`
LEFT JOIN `tbl_type_brand` ON `tbl_type_brand`.`id_type_brand`=`tbl_assets`.`type_brand_id`
WHERE `tbl_assets`.`id_main_category` = 1
AND `tbl_category`.`id_category` = \'Select Part\'
AND `tbl_location`.`id_location` = \'Select Part\'
AND `tbl_condition`.`id_condition` = \'Select Part\'')
 3 SYSTEMPATH\Database\BaseConnection.php(606): CodeIgniter\Database\BaseConnection->simpleQuery('SELECT *
FROM `tbl_assets`
LEFT JOIN `tbl_brand` ON `tbl_brand`.`id_brand`=`tbl_assets`.`brand_id`
LEFT JOIN `tbl_location` ON `tbl_location`.`id_location`=`tbl_assets`.`location_id`
LEFT JOIN `tbl_category` ON `tbl_category`.`id_category`=`tbl_assets`.`category_id`
LEFT JOIN `tbl_main_category` ON `tbl_main_category`.`id_main_category`=`tbl_assets`.`main_category_id`
LEFT JOIN `tbl_status` ON `tbl_status`.`id_status`=`tbl_assets`.`status_id`
LEFT JOIN `tbl_condition` ON `tbl_condition`.`id_condition`=`tbl_assets`.`condition_id`
LEFT JOIN `tbl_type_brand` ON `tbl_type_brand`.`id_type_brand`=`tbl_assets`.`type_brand_id`
WHERE `tbl_assets`.`id_main_category` = 1
AND `tbl_category`.`id_category` = \'Select Part\'
AND `tbl_location`.`id_location` = \'Select Part\'
AND `tbl_condition`.`id_condition` = \'Select Part\'')
 4 SYSTEMPATH\Database\BaseBuilder.php(1616): CodeIgniter\Database\BaseConnection->query('SELECT *
FROM `tbl_assets`
LEFT JOIN `tbl_brand` ON `tbl_brand`.`id_brand`=`tbl_assets`.`brand_id`
LEFT JOIN `tbl_location` ON `tbl_location`.`id_location`=`tbl_assets`.`location_id`
LEFT JOIN `tbl_category` ON `tbl_category`.`id_category`=`tbl_assets`.`category_id`
LEFT JOIN `tbl_main_category` ON `tbl_main_category`.`id_main_category`=`tbl_assets`.`main_category_id`
LEFT JOIN `tbl_status` ON `tbl_status`.`id_status`=`tbl_assets`.`status_id`
LEFT JOIN `tbl_condition` ON `tbl_condition`.`id_condition`=`tbl_assets`.`condition_id`
LEFT JOIN `tbl_type_brand` ON `tbl_type_brand`.`id_type_brand`=`tbl_assets`.`type_brand_id`
WHERE `tbl_assets`.`id_main_category` = :tbl_assets.id_main_category:
AND `tbl_category`.`id_category` = :tbl_category.id_category:
AND `tbl_location`.`id_location` = :tbl_location.id_location:
AND `tbl_condition`.`id_condition` = :tbl_condition.id_condition:', [...], false)
 5 APPPATH\Controllers\Assets.php(79): CodeIgniter\Database\BaseBuilder->get()
 6 SYSTEMPATH\CodeIgniter.php(934): App\Controllers\Assets->index()
 7 SYSTEMPATH\CodeIgniter.php(499): CodeIgniter\CodeIgniter->runController(Object(App\Controllers\Assets))
 8 SYSTEMPATH\CodeIgniter.php(368): CodeIgniter\CodeIgniter->handleRequest(null, Object(Config\Cache), false)
 9 FCPATH\index.php(67): CodeIgniter\CodeIgniter->run()
10 SYSTEMPATH\Commands\Server\rewrite.php(47): require_once('C:\\xampp\\htdocs\\sarpras\\public\\index.php')
INFO - 2023-12-06 04:30:16 --> Session: Class initialized using 'CodeIgniter\Session\Handlers\FileHandler' driver.
INFO - 2023-12-06 04:32:46 --> Session: Class initialized using 'CodeIgniter\Session\Handlers\FileHandler' driver.
INFO - 2023-12-06 04:33:05 --> Session: Class initialized using 'CodeIgniter\Session\Handlers\FileHandler' driver.
INFO - 2023-12-06 04:36:31 --> Session: Class initialized using 'CodeIgniter\Session\Handlers\FileHandler' driver.
INFO - 2023-12-06 04:37:48 --> Session: Class initialized using 'CodeIgniter\Session\Handlers\FileHandler' driver.
INFO - 2023-12-06 04:39:10 --> Session: Class initialized using 'CodeIgniter\Session\Handlers\FileHandler' driver.
INFO - 2023-12-06 04:39:15 --> Session: Class initialized using 'CodeIgniter\Session\Handlers\FileHandler' driver.
INFO - 2023-12-06 04:39:30 --> Session: Class initialized using 'CodeIgniter\Session\Handlers\FileHandler' driver.
INFO - 2023-12-06 04:41:07 --> Session: Class initialized using 'CodeIgniter\Session\Handlers\FileHandler' driver.
INFO - 2023-12-06 04:41:55 --> Session: Class initialized using 'CodeIgniter\Session\Handlers\FileHandler' driver.
INFO - 2023-12-06 04:42:19 --> Session: Class initialized using 'CodeIgniter\Session\Handlers\FileHandler' driver.
