INFO - 2023-05-31 06:14:22 --> Session: Class initialized using 'CodeIgniter\Session\Handlers\FileHandler' driver.
ERROR - 2023-05-31 06:22:47 --> mysqli_sql_exception: Unknown column 'tbl_location.id' in 'on clause' in C:\xampp\htdocs\sarpras\vendor\codeigniter4\framework\system\Database\MySQLi\Connection.php:295
Stack trace:
#0 C:\xampp\htdocs\sarpras\vendor\codeigniter4\framework\system\Database\MySQLi\Connection.php(295): mysqli->query('SELECT *\nFROM `...', 0)
#1 C:\xampp\htdocs\sarpras\vendor\codeigniter4\framework\system\Database\BaseConnection.php(692): CodeIgniter\Database\MySQLi\Connection->execute('SELECT *\nFROM `...')
#2 C:\xampp\htdocs\sarpras\vendor\codeigniter4\framework\system\Database\BaseConnection.php(606): CodeIgniter\Database\BaseConnection->simpleQuery('SELECT *\nFROM `...')
#3 C:\xampp\htdocs\sarpras\vendor\codeigniter4\framework\system\Database\BaseBuilder.php(1616): CodeIgniter\Database\BaseConnection->query('SELECT *\nFROM `...', Array, false)
#4 C:\xampp\htdocs\sarpras\vendor\codeigniter4\framework\system\Model.php(241): CodeIgniter\Database\BaseBuilder->get()
#5 C:\xampp\htdocs\sarpras\vendor\codeigniter4\framework\system\BaseModel.php(618): CodeIgniter\Model->doFindAll(0, 0)
#6 C:\xampp\htdocs\sarpras\app\Controllers\Assets.php(44): CodeIgniter\BaseModel->findAll()
#7 C:\xampp\htdocs\sarpras\vendor\codeigniter4\framework\system\CodeIgniter.php(934): App\Controllers\Assets->index()
#8 C:\xampp\htdocs\sarpras\vendor\codeigniter4\framework\system\CodeIgniter.php(499): CodeIgniter\CodeIgniter->runController(Object(App\Controllers\Assets))
#9 C:\xampp\htdocs\sarpras\vendor\codeigniter4\framework\system\CodeIgniter.php(368): CodeIgniter\CodeIgniter->handleRequest(NULL, Object(Config\Cache), false)
#10 C:\xampp\htdocs\sarpras\public\index.php(67): CodeIgniter\CodeIgniter->run()
#11 C:\xampp\htdocs\sarpras\vendor\codeigniter4\framework\system\Commands\Server\rewrite.php(47): require_once('C:\\xampp\\htdocs...')
#12 {main}
CRITICAL - 2023-05-31 06:22:47 --> Unknown column 'tbl_location.id' in 'on clause'
in SYSTEMPATH\Database\MySQLi\Connection.php on line 295.
 1 SYSTEMPATH\Database\MySQLi\Connection.php(295): mysqli->query('SELECT *
FROM `tbl_assets`
JOIN `tbl_brand` ON `tbl_assets`.`brand_id`=`tbl_brand`.`id_brand`
JOIN `tbl_location` ON `tbl_assets`.`location_id`=`tbl_location`.`id`', 0)
 2 SYSTEMPATH\Database\BaseConnection.php(692): CodeIgniter\Database\MySQLi\Connection->execute('SELECT *
FROM `tbl_assets`
JOIN `tbl_brand` ON `tbl_assets`.`brand_id`=`tbl_brand`.`id_brand`
JOIN `tbl_location` ON `tbl_assets`.`location_id`=`tbl_location`.`id`')
 3 SYSTEMPATH\Database\BaseConnection.php(606): CodeIgniter\Database\BaseConnection->simpleQuery('SELECT *
FROM `tbl_assets`
JOIN `tbl_brand` ON `tbl_assets`.`brand_id`=`tbl_brand`.`id_brand`
JOIN `tbl_location` ON `tbl_assets`.`location_id`=`tbl_location`.`id`')
 4 SYSTEMPATH\Database\BaseBuilder.php(1616): CodeIgniter\Database\BaseConnection->query('SELECT *
FROM `tbl_assets`
JOIN `tbl_brand` ON `tbl_assets`.`brand_id`=`tbl_brand`.`id_brand`
JOIN `tbl_location` ON `tbl_assets`.`location_id`=`tbl_location`.`id`', [], false)
 5 SYSTEMPATH\Model.php(241): CodeIgniter\Database\BaseBuilder->get()
 6 SYSTEMPATH\BaseModel.php(618): CodeIgniter\Model->doFindAll(0, 0)
 7 APPPATH\Controllers\Assets.php(44): CodeIgniter\BaseModel->findAll()
 8 SYSTEMPATH\CodeIgniter.php(934): App\Controllers\Assets->index()
 9 SYSTEMPATH\CodeIgniter.php(499): CodeIgniter\CodeIgniter->runController(Object(App\Controllers\Assets))
10 SYSTEMPATH\CodeIgniter.php(368): CodeIgniter\CodeIgniter->handleRequest(null, Object(Config\Cache), false)
11 FCPATH\index.php(67): CodeIgniter\CodeIgniter->run()
12 SYSTEMPATH\Commands\Server\rewrite.php(47): require_once('C:\\xampp\\htdocs\\sarpras\\public\\index.php')
ERROR - 2023-05-31 06:41:24 --> mysqli_sql_exception: Unknown column 'tbl_category.category_id' in 'on clause' in C:\xampp\htdocs\sarpras\vendor\codeigniter4\framework\system\Database\MySQLi\Connection.php:295
Stack trace:
#0 C:\xampp\htdocs\sarpras\vendor\codeigniter4\framework\system\Database\MySQLi\Connection.php(295): mysqli->query('SELECT *\nFROM `...', 0)
#1 C:\xampp\htdocs\sarpras\vendor\codeigniter4\framework\system\Database\BaseConnection.php(692): CodeIgniter\Database\MySQLi\Connection->execute('SELECT *\nFROM `...')
#2 C:\xampp\htdocs\sarpras\vendor\codeigniter4\framework\system\Database\BaseConnection.php(606): CodeIgniter\Database\BaseConnection->simpleQuery('SELECT *\nFROM `...')
#3 C:\xampp\htdocs\sarpras\vendor\codeigniter4\framework\system\Database\BaseBuilder.php(1616): CodeIgniter\Database\BaseConnection->query('SELECT *\nFROM `...', Array, false)
#4 C:\xampp\htdocs\sarpras\vendor\codeigniter4\framework\system\Model.php(241): CodeIgniter\Database\BaseBuilder->get()
#5 C:\xampp\htdocs\sarpras\vendor\codeigniter4\framework\system\BaseModel.php(618): CodeIgniter\Model->doFindAll(0, 0)
#6 C:\xampp\htdocs\sarpras\app\Controllers\Assets.php(45): CodeIgniter\BaseModel->findAll()
#7 C:\xampp\htdocs\sarpras\vendor\codeigniter4\framework\system\CodeIgniter.php(934): App\Controllers\Assets->index()
#8 C:\xampp\htdocs\sarpras\vendor\codeigniter4\framework\system\CodeIgniter.php(499): CodeIgniter\CodeIgniter->runController(Object(App\Controllers\Assets))
#9 C:\xampp\htdocs\sarpras\vendor\codeigniter4\framework\system\CodeIgniter.php(368): CodeIgniter\CodeIgniter->handleRequest(NULL, Object(Config\Cache), false)
#10 C:\xampp\htdocs\sarpras\public\index.php(67): CodeIgniter\CodeIgniter->run()
#11 C:\xampp\htdocs\sarpras\vendor\codeigniter4\framework\system\Commands\Server\rewrite.php(47): require_once('C:\\xampp\\htdocs...')
#12 {main}
CRITICAL - 2023-05-31 06:41:24 --> Unknown column 'tbl_category.category_id' in 'on clause'
in SYSTEMPATH\Database\MySQLi\Connection.php on line 295.
 1 SYSTEMPATH\Database\MySQLi\Connection.php(295): mysqli->query('SELECT *
FROM `tbl_assets`
JOIN `tbl_brand` ON `tbl_assets`.`brand_id`=`tbl_brand`.`id_brand`
JOIN `tbl_location` ON `tbl_assets`.`location_id`=`tbl_location`.`id_location`
JOIN `tbl_category` ON `tbl_category`.`category_id`=`assets`.`category_jd`', 0)
 2 SYSTEMPATH\Database\BaseConnection.php(692): CodeIgniter\Database\MySQLi\Connection->execute('SELECT *
FROM `tbl_assets`
JOIN `tbl_brand` ON `tbl_assets`.`brand_id`=`tbl_brand`.`id_brand`
JOIN `tbl_location` ON `tbl_assets`.`location_id`=`tbl_location`.`id_location`
JOIN `tbl_category` ON `tbl_category`.`category_id`=`assets`.`category_jd`')
 3 SYSTEMPATH\Database\BaseConnection.php(606): CodeIgniter\Database\BaseConnection->simpleQuery('SELECT *
FROM `tbl_assets`
JOIN `tbl_brand` ON `tbl_assets`.`brand_id`=`tbl_brand`.`id_brand`
JOIN `tbl_location` ON `tbl_assets`.`location_id`=`tbl_location`.`id_location`
JOIN `tbl_category` ON `tbl_category`.`category_id`=`assets`.`category_jd`')
 4 SYSTEMPATH\Database\BaseBuilder.php(1616): CodeIgniter\Database\BaseConnection->query('SELECT *
FROM `tbl_assets`
JOIN `tbl_brand` ON `tbl_assets`.`brand_id`=`tbl_brand`.`id_brand`
JOIN `tbl_location` ON `tbl_assets`.`location_id`=`tbl_location`.`id_location`
JOIN `tbl_category` ON `tbl_category`.`category_id`=`assets`.`category_jd`', [], false)
 5 SYSTEMPATH\Model.php(241): CodeIgniter\Database\BaseBuilder->get()
 6 SYSTEMPATH\BaseModel.php(618): CodeIgniter\Model->doFindAll(0, 0)
 7 APPPATH\Controllers\Assets.php(45): CodeIgniter\BaseModel->findAll()
 8 SYSTEMPATH\CodeIgniter.php(934): App\Controllers\Assets->index()
 9 SYSTEMPATH\CodeIgniter.php(499): CodeIgniter\CodeIgniter->runController(Object(App\Controllers\Assets))
10 SYSTEMPATH\CodeIgniter.php(368): CodeIgniter\CodeIgniter->handleRequest(null, Object(Config\Cache), false)
11 FCPATH\index.php(67): CodeIgniter\CodeIgniter->run()
12 SYSTEMPATH\Commands\Server\rewrite.php(47): require_once('C:\\xampp\\htdocs\\sarpras\\public\\index.php')
ERROR - 2023-05-31 06:41:46 --> mysqli_sql_exception: Unknown column 'assets.category_jd' in 'on clause' in C:\xampp\htdocs\sarpras\vendor\codeigniter4\framework\system\Database\MySQLi\Connection.php:295
Stack trace:
#0 C:\xampp\htdocs\sarpras\vendor\codeigniter4\framework\system\Database\MySQLi\Connection.php(295): mysqli->query('SELECT *\nFROM `...', 0)
#1 C:\xampp\htdocs\sarpras\vendor\codeigniter4\framework\system\Database\BaseConnection.php(692): CodeIgniter\Database\MySQLi\Connection->execute('SELECT *\nFROM `...')
#2 C:\xampp\htdocs\sarpras\vendor\codeigniter4\framework\system\Database\BaseConnection.php(606): CodeIgniter\Database\BaseConnection->simpleQuery('SELECT *\nFROM `...')
#3 C:\xampp\htdocs\sarpras\vendor\codeigniter4\framework\system\Database\BaseBuilder.php(1616): CodeIgniter\Database\BaseConnection->query('SELECT *\nFROM `...', Array, false)
#4 C:\xampp\htdocs\sarpras\vendor\codeigniter4\framework\system\Model.php(241): CodeIgniter\Database\BaseBuilder->get()
#5 C:\xampp\htdocs\sarpras\vendor\codeigniter4\framework\system\BaseModel.php(618): CodeIgniter\Model->doFindAll(0, 0)
#6 C:\xampp\htdocs\sarpras\app\Controllers\Assets.php(45): CodeIgniter\BaseModel->findAll()
#7 C:\xampp\htdocs\sarpras\vendor\codeigniter4\framework\system\CodeIgniter.php(934): App\Controllers\Assets->index()
#8 C:\xampp\htdocs\sarpras\vendor\codeigniter4\framework\system\CodeIgniter.php(499): CodeIgniter\CodeIgniter->runController(Object(App\Controllers\Assets))
#9 C:\xampp\htdocs\sarpras\vendor\codeigniter4\framework\system\CodeIgniter.php(368): CodeIgniter\CodeIgniter->handleRequest(NULL, Object(Config\Cache), false)
#10 C:\xampp\htdocs\sarpras\public\index.php(67): CodeIgniter\CodeIgniter->run()
#11 C:\xampp\htdocs\sarpras\vendor\codeigniter4\framework\system\Commands\Server\rewrite.php(47): require_once('C:\\xampp\\htdocs...')
#12 {main}
CRITICAL - 2023-05-31 06:41:46 --> Unknown column 'assets.category_jd' in 'on clause'
in SYSTEMPATH\Database\MySQLi\Connection.php on line 295.
 1 SYSTEMPATH\Database\MySQLi\Connection.php(295): mysqli->query('SELECT *
FROM `tbl_assets`
JOIN `tbl_brand` ON `tbl_assets`.`brand_id`=`tbl_brand`.`id_brand`
JOIN `tbl_location` ON `tbl_assets`.`location_id`=`tbl_location`.`id_location`
JOIN `tbl_category` ON `tbl_category`.`id_category`=`assets`.`category_jd`', 0)
 2 SYSTEMPATH\Database\BaseConnection.php(692): CodeIgniter\Database\MySQLi\Connection->execute('SELECT *
FROM `tbl_assets`
JOIN `tbl_brand` ON `tbl_assets`.`brand_id`=`tbl_brand`.`id_brand`
JOIN `tbl_location` ON `tbl_assets`.`location_id`=`tbl_location`.`id_location`
JOIN `tbl_category` ON `tbl_category`.`id_category`=`assets`.`category_jd`')
 3 SYSTEMPATH\Database\BaseConnection.php(606): CodeIgniter\Database\BaseConnection->simpleQuery('SELECT *
FROM `tbl_assets`
JOIN `tbl_brand` ON `tbl_assets`.`brand_id`=`tbl_brand`.`id_brand`
JOIN `tbl_location` ON `tbl_assets`.`location_id`=`tbl_location`.`id_location`
JOIN `tbl_category` ON `tbl_category`.`id_category`=`assets`.`category_jd`')
 4 SYSTEMPATH\Database\BaseBuilder.php(1616): CodeIgniter\Database\BaseConnection->query('SELECT *
FROM `tbl_assets`
JOIN `tbl_brand` ON `tbl_assets`.`brand_id`=`tbl_brand`.`id_brand`
JOIN `tbl_location` ON `tbl_assets`.`location_id`=`tbl_location`.`id_location`
JOIN `tbl_category` ON `tbl_category`.`id_category`=`assets`.`category_jd`', [], false)
 5 SYSTEMPATH\Model.php(241): CodeIgniter\Database\BaseBuilder->get()
 6 SYSTEMPATH\BaseModel.php(618): CodeIgniter\Model->doFindAll(0, 0)
 7 APPPATH\Controllers\Assets.php(45): CodeIgniter\BaseModel->findAll()
 8 SYSTEMPATH\CodeIgniter.php(934): App\Controllers\Assets->index()
 9 SYSTEMPATH\CodeIgniter.php(499): CodeIgniter\CodeIgniter->runController(Object(App\Controllers\Assets))
10 SYSTEMPATH\CodeIgniter.php(368): CodeIgniter\CodeIgniter->handleRequest(null, Object(Config\Cache), false)
11 FCPATH\index.php(67): CodeIgniter\CodeIgniter->run()
12 SYSTEMPATH\Commands\Server\rewrite.php(47): require_once('C:\\xampp\\htdocs\\sarpras\\public\\index.php')
ERROR - 2023-05-31 06:41:58 --> mysqli_sql_exception: Unknown column 'tbl_assets.category_jd' in 'on clause' in C:\xampp\htdocs\sarpras\vendor\codeigniter4\framework\system\Database\MySQLi\Connection.php:295
Stack trace:
#0 C:\xampp\htdocs\sarpras\vendor\codeigniter4\framework\system\Database\MySQLi\Connection.php(295): mysqli->query('SELECT *\nFROM `...', 0)
#1 C:\xampp\htdocs\sarpras\vendor\codeigniter4\framework\system\Database\BaseConnection.php(692): CodeIgniter\Database\MySQLi\Connection->execute('SELECT *\nFROM `...')
#2 C:\xampp\htdocs\sarpras\vendor\codeigniter4\framework\system\Database\BaseConnection.php(606): CodeIgniter\Database\BaseConnection->simpleQuery('SELECT *\nFROM `...')
#3 C:\xampp\htdocs\sarpras\vendor\codeigniter4\framework\system\Database\BaseBuilder.php(1616): CodeIgniter\Database\BaseConnection->query('SELECT *\nFROM `...', Array, false)
#4 C:\xampp\htdocs\sarpras\vendor\codeigniter4\framework\system\Model.php(241): CodeIgniter\Database\BaseBuilder->get()
#5 C:\xampp\htdocs\sarpras\vendor\codeigniter4\framework\system\BaseModel.php(618): CodeIgniter\Model->doFindAll(0, 0)
#6 C:\xampp\htdocs\sarpras\app\Controllers\Assets.php(45): CodeIgniter\BaseModel->findAll()
#7 C:\xampp\htdocs\sarpras\vendor\codeigniter4\framework\system\CodeIgniter.php(934): App\Controllers\Assets->index()
#8 C:\xampp\htdocs\sarpras\vendor\codeigniter4\framework\system\CodeIgniter.php(499): CodeIgniter\CodeIgniter->runController(Object(App\Controllers\Assets))
#9 C:\xampp\htdocs\sarpras\vendor\codeigniter4\framework\system\CodeIgniter.php(368): CodeIgniter\CodeIgniter->handleRequest(NULL, Object(Config\Cache), false)
#10 C:\xampp\htdocs\sarpras\public\index.php(67): CodeIgniter\CodeIgniter->run()
#11 C:\xampp\htdocs\sarpras\vendor\codeigniter4\framework\system\Commands\Server\rewrite.php(47): require_once('C:\\xampp\\htdocs...')
#12 {main}
CRITICAL - 2023-05-31 06:41:58 --> Unknown column 'tbl_assets.category_jd' in 'on clause'
in SYSTEMPATH\Database\MySQLi\Connection.php on line 295.
 1 SYSTEMPATH\Database\MySQLi\Connection.php(295): mysqli->query('SELECT *
FROM `tbl_assets`
JOIN `tbl_brand` ON `tbl_assets`.`brand_id`=`tbl_brand`.`id_brand`
JOIN `tbl_location` ON `tbl_assets`.`location_id`=`tbl_location`.`id_location`
JOIN `tbl_category` ON `tbl_category`.`id_category`=`tbl_assets`.`category_jd`', 0)
 2 SYSTEMPATH\Database\BaseConnection.php(692): CodeIgniter\Database\MySQLi\Connection->execute('SELECT *
FROM `tbl_assets`
JOIN `tbl_brand` ON `tbl_assets`.`brand_id`=`tbl_brand`.`id_brand`
JOIN `tbl_location` ON `tbl_assets`.`location_id`=`tbl_location`.`id_location`
JOIN `tbl_category` ON `tbl_category`.`id_category`=`tbl_assets`.`category_jd`')
 3 SYSTEMPATH\Database\BaseConnection.php(606): CodeIgniter\Database\BaseConnection->simpleQuery('SELECT *
FROM `tbl_assets`
JOIN `tbl_brand` ON `tbl_assets`.`brand_id`=`tbl_brand`.`id_brand`
JOIN `tbl_location` ON `tbl_assets`.`location_id`=`tbl_location`.`id_location`
JOIN `tbl_category` ON `tbl_category`.`id_category`=`tbl_assets`.`category_jd`')
 4 SYSTEMPATH\Database\BaseBuilder.php(1616): CodeIgniter\Database\BaseConnection->query('SELECT *
FROM `tbl_assets`
JOIN `tbl_brand` ON `tbl_assets`.`brand_id`=`tbl_brand`.`id_brand`
JOIN `tbl_location` ON `tbl_assets`.`location_id`=`tbl_location`.`id_location`
JOIN `tbl_category` ON `tbl_category`.`id_category`=`tbl_assets`.`category_jd`', [], false)
 5 SYSTEMPATH\Model.php(241): CodeIgniter\Database\BaseBuilder->get()
 6 SYSTEMPATH\BaseModel.php(618): CodeIgniter\Model->doFindAll(0, 0)
 7 APPPATH\Controllers\Assets.php(45): CodeIgniter\BaseModel->findAll()
 8 SYSTEMPATH\CodeIgniter.php(934): App\Controllers\Assets->index()
 9 SYSTEMPATH\CodeIgniter.php(499): CodeIgniter\CodeIgniter->runController(Object(App\Controllers\Assets))
10 SYSTEMPATH\CodeIgniter.php(368): CodeIgniter\CodeIgniter->handleRequest(null, Object(Config\Cache), false)
11 FCPATH\index.php(67): CodeIgniter\CodeIgniter->run()
12 SYSTEMPATH\Commands\Server\rewrite.php(47): require_once('C:\\xampp\\htdocs\\sarpras\\public\\index.php')
INFO - 2023-05-31 06:46:29 --> Session: Class initialized using 'CodeIgniter\Session\Handlers\FileHandler' driver.
CRITICAL - 2023-05-31 06:46:29 --> Undefined index: location
in APPPATH\Views\assets\index.php on line 45.
 1 APPPATH\Views\assets\index.php(45): CodeIgniter\Debug\Exceptions->errorHandler(8, 'Undefined index: location', 'C:\\xampp\\htdocs\\sarpras\\app\\Views\\assets\\index.php', 45, [...])
 2 SYSTEMPATH\View\View.php(213): include('C:\\xampp\\htdocs\\sarpras\\app\\Views\\assets\\index.php')
 3 SYSTEMPATH\View\View.php(216): CodeIgniter\View\View->CodeIgniter\View\{closure}()
 4 SYSTEMPATH\Common.php(1184): CodeIgniter\View\View->render('assets/index', [], true)
 5 APPPATH\Controllers\Assets.php(56): view('assets/index', [...])
 6 SYSTEMPATH\CodeIgniter.php(934): App\Controllers\Assets->index()
 7 SYSTEMPATH\CodeIgniter.php(499): CodeIgniter\CodeIgniter->runController(Object(App\Controllers\Assets))
 8 SYSTEMPATH\CodeIgniter.php(368): CodeIgniter\CodeIgniter->handleRequest(null, Object(Config\Cache), false)
 9 FCPATH\index.php(67): CodeIgniter\CodeIgniter->run()
10 SYSTEMPATH\Commands\Server\rewrite.php(47): require_once('C:\\xampp\\htdocs\\sarpras\\public\\index.php')
INFO - 2023-05-31 06:47:24 --> Session: Class initialized using 'CodeIgniter\Session\Handlers\FileHandler' driver.
CRITICAL - 2023-05-31 06:47:24 --> Undefined index: id_location
in APPPATH\Views\assets\index.php on line 48.
 1 APPPATH\Views\assets\index.php(48): CodeIgniter\Debug\Exceptions->errorHandler(8, 'Undefined index: id_location', 'C:\\xampp\\htdocs\\sarpras\\app\\Views\\assets\\index.php', 48, [...])
 2 SYSTEMPATH\View\View.php(213): include('C:\\xampp\\htdocs\\sarpras\\app\\Views\\assets\\index.php')
 3 SYSTEMPATH\View\View.php(216): CodeIgniter\View\View->CodeIgniter\View\{closure}()
 4 SYSTEMPATH\Common.php(1184): CodeIgniter\View\View->render('assets/index', [], true)
 5 APPPATH\Controllers\Assets.php(56): view('assets/index', [...])
 6 SYSTEMPATH\CodeIgniter.php(934): App\Controllers\Assets->index()
 7 SYSTEMPATH\CodeIgniter.php(499): CodeIgniter\CodeIgniter->runController(Object(App\Controllers\Assets))
 8 SYSTEMPATH\CodeIgniter.php(368): CodeIgniter\CodeIgniter->handleRequest(null, Object(Config\Cache), false)
 9 FCPATH\index.php(67): CodeIgniter\CodeIgniter->run()
10 SYSTEMPATH\Commands\Server\rewrite.php(47): require_once('C:\\xampp\\htdocs\\sarpras\\public\\index.php')
INFO - 2023-05-31 06:50:19 --> Session: Class initialized using 'CodeIgniter\Session\Handlers\FileHandler' driver.
INFO - 2023-05-31 06:56:47 --> Session: Class initialized using 'CodeIgniter\Session\Handlers\FileHandler' driver.
CRITICAL - 2023-05-31 06:56:47 --> Undefined index: code_asset
in APPPATH\Views\assets\index.php on line 60.
 1 APPPATH\Views\assets\index.php(60): CodeIgniter\Debug\Exceptions->errorHandler(8, 'Undefined index: code_asset', 'C:\\xampp\\htdocs\\sarpras\\app\\Views\\assets\\index.php', 60, [...])
 2 SYSTEMPATH\View\View.php(213): include('C:\\xampp\\htdocs\\sarpras\\app\\Views\\assets\\index.php')
 3 SYSTEMPATH\View\View.php(216): CodeIgniter\View\View->CodeIgniter\View\{closure}()
 4 SYSTEMPATH\Common.php(1184): CodeIgniter\View\View->render('assets/index', [], true)
 5 APPPATH\Controllers\Assets.php(56): view('assets/index', [...])
 6 SYSTEMPATH\CodeIgniter.php(934): App\Controllers\Assets->index()
 7 SYSTEMPATH\CodeIgniter.php(499): CodeIgniter\CodeIgniter->runController(Object(App\Controllers\Assets))
 8 SYSTEMPATH\CodeIgniter.php(368): CodeIgniter\CodeIgniter->handleRequest(null, Object(Config\Cache), false)
 9 FCPATH\index.php(67): CodeIgniter\CodeIgniter->run()
10 SYSTEMPATH\Commands\Server\rewrite.php(47): require_once('C:\\xampp\\htdocs\\sarpras\\public\\index.php')
INFO - 2023-05-31 06:56:56 --> Session: Class initialized using 'CodeIgniter\Session\Handlers\FileHandler' driver.
INFO - 2023-05-31 06:57:15 --> Session: Class initialized using 'CodeIgniter\Session\Handlers\FileHandler' driver.
CRITICAL - 2023-05-31 06:57:15 --> Undefined index: nama_assets
in APPPATH\Views\assets\index.php on line 63.
 1 APPPATH\Views\assets\index.php(63): CodeIgniter\Debug\Exceptions->errorHandler(8, 'Undefined index: nama_assets', 'C:\\xampp\\htdocs\\sarpras\\app\\Views\\assets\\index.php', 63, [...])
 2 SYSTEMPATH\View\View.php(213): include('C:\\xampp\\htdocs\\sarpras\\app\\Views\\assets\\index.php')
 3 SYSTEMPATH\View\View.php(216): CodeIgniter\View\View->CodeIgniter\View\{closure}()
 4 SYSTEMPATH\Common.php(1184): CodeIgniter\View\View->render('assets/index', [], true)
 5 APPPATH\Controllers\Assets.php(56): view('assets/index', [...])
 6 SYSTEMPATH\CodeIgniter.php(934): App\Controllers\Assets->index()
 7 SYSTEMPATH\CodeIgniter.php(499): CodeIgniter\CodeIgniter->runController(Object(App\Controllers\Assets))
 8 SYSTEMPATH\CodeIgniter.php(368): CodeIgniter\CodeIgniter->handleRequest(null, Object(Config\Cache), false)
 9 FCPATH\index.php(67): CodeIgniter\CodeIgniter->run()
10 SYSTEMPATH\Commands\Server\rewrite.php(47): require_once('C:\\xampp\\htdocs\\sarpras\\public\\index.php')
INFO - 2023-05-31 06:58:11 --> Session: Class initialized using 'CodeIgniter\Session\Handlers\FileHandler' driver.
INFO - 2023-05-31 07:02:04 --> Session: Class initialized using 'CodeIgniter\Session\Handlers\FileHandler' driver.
INFO - 2023-05-31 07:02:43 --> Session: Class initialized using 'CodeIgniter\Session\Handlers\FileHandler' driver.
INFO - 2023-05-31 07:03:36 --> Session: Class initialized using 'CodeIgniter\Session\Handlers\FileHandler' driver.
INFO - 2023-05-31 07:04:16 --> Session: Class initialized using 'CodeIgniter\Session\Handlers\FileHandler' driver.
INFO - 2023-05-31 07:04:17 --> Session: Class initialized using 'CodeIgniter\Session\Handlers\FileHandler' driver.
INFO - 2023-05-31 07:04:19 --> Session: Class initialized using 'CodeIgniter\Session\Handlers\FileHandler' driver.
INFO - 2023-05-31 07:04:25 --> Session: Class initialized using 'CodeIgniter\Session\Handlers\FileHandler' driver.
INFO - 2023-05-31 07:04:25 --> Session: Class initialized using 'CodeIgniter\Session\Handlers\FileHandler' driver.
INFO - 2023-05-31 07:04:33 --> Session: Class initialized using 'CodeIgniter\Session\Handlers\FileHandler' driver.
INFO - 2023-05-31 07:04:33 --> Session: Class initialized using 'CodeIgniter\Session\Handlers\FileHandler' driver.
INFO - 2023-05-31 07:04:48 --> Session: Class initialized using 'CodeIgniter\Session\Handlers\FileHandler' driver.
INFO - 2023-05-31 07:04:48 --> Session: Class initialized using 'CodeIgniter\Session\Handlers\FileHandler' driver.
INFO - 2023-05-31 07:04:52 --> Session: Class initialized using 'CodeIgniter\Session\Handlers\FileHandler' driver.
INFO - 2023-05-31 07:04:58 --> Session: Class initialized using 'CodeIgniter\Session\Handlers\FileHandler' driver.
INFO - 2023-05-31 07:04:59 --> Session: Class initialized using 'CodeIgniter\Session\Handlers\FileHandler' driver.
INFO - 2023-05-31 07:05:00 --> Session: Class initialized using 'CodeIgniter\Session\Handlers\FileHandler' driver.
INFO - 2023-05-31 07:05:09 --> Session: Class initialized using 'CodeIgniter\Session\Handlers\FileHandler' driver.
INFO - 2023-05-31 07:05:09 --> Session: Class initialized using 'CodeIgniter\Session\Handlers\FileHandler' driver.
INFO - 2023-05-31 07:05:13 --> Session: Class initialized using 'CodeIgniter\Session\Handlers\FileHandler' driver.
INFO - 2023-05-31 07:05:44 --> Session: Class initialized using 'CodeIgniter\Session\Handlers\FileHandler' driver.
INFO - 2023-05-31 07:05:44 --> Session: Class initialized using 'CodeIgniter\Session\Handlers\FileHandler' driver.
INFO - 2023-05-31 07:06:13 --> Session: Class initialized using 'CodeIgniter\Session\Handlers\FileHandler' driver.
INFO - 2023-05-31 07:06:14 --> Session: Class initialized using 'CodeIgniter\Session\Handlers\FileHandler' driver.
INFO - 2023-05-31 07:06:28 --> Session: Class initialized using 'CodeIgniter\Session\Handlers\FileHandler' driver.
INFO - 2023-05-31 07:06:28 --> Session: Class initialized using 'CodeIgniter\Session\Handlers\FileHandler' driver.
INFO - 2023-05-31 07:06:32 --> Session: Class initialized using 'CodeIgniter\Session\Handlers\FileHandler' driver.
INFO - 2023-05-31 07:06:35 --> Session: Class initialized using 'CodeIgniter\Session\Handlers\FileHandler' driver.
INFO - 2023-05-31 07:07:18 --> Session: Class initialized using 'CodeIgniter\Session\Handlers\FileHandler' driver.
INFO - 2023-05-31 07:07:18 --> Session: Class initialized using 'CodeIgniter\Session\Handlers\FileHandler' driver.
INFO - 2023-05-31 07:07:30 --> Session: Class initialized using 'CodeIgniter\Session\Handlers\FileHandler' driver.
INFO - 2023-05-31 07:07:30 --> Session: Class initialized using 'CodeIgniter\Session\Handlers\FileHandler' driver.
INFO - 2023-05-31 07:07:40 --> Session: Class initialized using 'CodeIgniter\Session\Handlers\FileHandler' driver.
INFO - 2023-05-31 07:07:46 --> Session: Class initialized using 'CodeIgniter\Session\Handlers\FileHandler' driver.
INFO - 2023-05-31 07:08:00 --> Session: Class initialized using 'CodeIgniter\Session\Handlers\FileHandler' driver.
INFO - 2023-05-31 07:23:56 --> Session: Class initialized using 'CodeIgniter\Session\Handlers\FileHandler' driver.
INFO - 2023-05-31 07:23:58 --> Session: Class initialized using 'CodeIgniter\Session\Handlers\FileHandler' driver.
INFO - 2023-05-31 07:24:12 --> Session: Class initialized using 'CodeIgniter\Session\Handlers\FileHandler' driver.
INFO - 2023-05-31 07:24:17 --> Session: Class initialized using 'CodeIgniter\Session\Handlers\FileHandler' driver.
INFO - 2023-05-31 07:24:20 --> Session: Class initialized using 'CodeIgniter\Session\Handlers\FileHandler' driver.
INFO - 2023-05-31 07:24:36 --> Session: Class initialized using 'CodeIgniter\Session\Handlers\FileHandler' driver.
INFO - 2023-05-31 07:24:48 --> Session: Class initialized using 'CodeIgniter\Session\Handlers\FileHandler' driver.
INFO - 2023-05-31 07:24:55 --> Session: Class initialized using 'CodeIgniter\Session\Handlers\FileHandler' driver.
INFO - 2023-05-31 07:25:16 --> Session: Class initialized using 'CodeIgniter\Session\Handlers\FileHandler' driver.
INFO - 2023-05-31 07:25:16 --> Session: Class initialized using 'CodeIgniter\Session\Handlers\FileHandler' driver.
INFO - 2023-05-31 07:25:31 --> Session: Class initialized using 'CodeIgniter\Session\Handlers\FileHandler' driver.
INFO - 2023-05-31 07:25:40 --> Session: Class initialized using 'CodeIgniter\Session\Handlers\FileHandler' driver.
INFO - 2023-05-31 07:25:44 --> Session: Class initialized using 'CodeIgniter\Session\Handlers\FileHandler' driver.
INFO - 2023-05-31 07:25:51 --> Session: Class initialized using 'CodeIgniter\Session\Handlers\FileHandler' driver.
INFO - 2023-05-31 07:28:10 --> Session: Class initialized using 'CodeIgniter\Session\Handlers\FileHandler' driver.
INFO - 2023-05-31 07:28:10 --> Session: Class initialized using 'CodeIgniter\Session\Handlers\FileHandler' driver.
INFO - 2023-05-31 07:28:33 --> Session: Class initialized using 'CodeIgniter\Session\Handlers\FileHandler' driver.
INFO - 2023-05-31 07:31:28 --> Session: Class initialized using 'CodeIgniter\Session\Handlers\FileHandler' driver.
INFO - 2023-05-31 07:32:18 --> Session: Class initialized using 'CodeIgniter\Session\Handlers\FileHandler' driver.
