INFO - 2023-11-20 02:32:44 --> Session: Class initialized using 'CodeIgniter\Session\Handlers\FileHandler' driver.
ERROR - 2023-11-20 13:48:24 --> Error connecting to the database: mysqli_sql_exception: No connection could be made because the target machine actively refused it.
 in C:\xampp\htdocs\sarpras\vendor\codeigniter4\framework\system\Database\MySQLi\Connection.php:174
Stack trace:
#0 C:\xampp\htdocs\sarpras\vendor\codeigniter4\framework\system\Database\MySQLi\Connection.php(174): mysqli->real_connect('localhost', 'root', '', 'sarpras_baru', 3306, '', 0)
#1 C:\xampp\htdocs\sarpras\vendor\codeigniter4\framework\system\Database\BaseConnection.php(391): CodeIgniter\Database\MySQLi\Connection->connect(false)
#2 C:\xampp\htdocs\sarpras\vendor\codeigniter4\framework\system\Database\BaseConnection.php(574): CodeIgniter\Database\BaseConnection->initialize()
#3 C:\xampp\htdocs\sarpras\vendor\codeigniter4\framework\system\Database\BaseBuilder.php(1616): CodeIgniter\Database\BaseConnection->query('SELECT *\nFROM `...', Array, false)
#4 C:\xampp\htdocs\sarpras\vendor\codeigniter4\framework\system\Model.php(241): CodeIgniter\Database\BaseBuilder->get()
#5 C:\xampp\htdocs\sarpras\vendor\codeigniter4\framework\system\BaseModel.php(618): CodeIgniter\Model->doFindAll(0, 0)
#6 C:\xampp\htdocs\sarpras\app\Controllers\JadwalMaintenance.php(21): CodeIgniter\BaseModel->findAll()
#7 C:\xampp\htdocs\sarpras\vendor\codeigniter4\framework\system\CodeIgniter.php(934): App\Controllers\JadwalMaintenance->index()
#8 C:\xampp\htdocs\sarpras\vendor\codeigniter4\framework\system\CodeIgniter.php(499): CodeIgniter\CodeIgniter->runController(Object(App\Controllers\JadwalMaintenance))
#9 C:\xampp\htdocs\sarpras\vendor\codeigniter4\framework\system\CodeIgniter.php(368): CodeIgniter\CodeIgniter->handleRequest(NULL, Object(Config\Cache), false)
#10 C:\xampp\htdocs\sarpras\public\index.php(67): CodeIgniter\CodeIgniter->run()
#11 C:\xampp\htdocs\sarpras\vendor\codeigniter4\framework\system\Commands\Server\rewrite.php(47): require_once('C:\\xampp\\htdocs...')
#12 {main}

Next CodeIgniter\Database\Exceptions\DatabaseException: No connection could be made because the target machine actively refused it.
 in C:\xampp\htdocs\sarpras\vendor\codeigniter4\framework\system\Database\MySQLi\Connection.php:218
Stack trace:
#0 C:\xampp\htdocs\sarpras\vendor\codeigniter4\framework\system\Database\BaseConnection.php(391): CodeIgniter\Database\MySQLi\Connection->connect(false)
#1 C:\xampp\htdocs\sarpras\vendor\codeigniter4\framework\system\Database\BaseConnection.php(574): CodeIgniter\Database\BaseConnection->initialize()
#2 C:\xampp\htdocs\sarpras\vendor\codeigniter4\framework\system\Database\BaseBuilder.php(1616): CodeIgniter\Database\BaseConnection->query('SELECT *\nFROM `...', Array, false)
#3 C:\xampp\htdocs\sarpras\vendor\codeigniter4\framework\system\Model.php(241): CodeIgniter\Database\BaseBuilder->get()
#4 C:\xampp\htdocs\sarpras\vendor\codeigniter4\framework\system\BaseModel.php(618): CodeIgniter\Model->doFindAll(0, 0)
#5 C:\xampp\htdocs\sarpras\app\Controllers\JadwalMaintenance.php(21): CodeIgniter\BaseModel->findAll()
#6 C:\xampp\htdocs\sarpras\vendor\codeigniter4\framework\system\CodeIgniter.php(934): App\Controllers\JadwalMaintenance->index()
#7 C:\xampp\htdocs\sarpras\vendor\codeigniter4\framework\system\CodeIgniter.php(499): CodeIgniter\CodeIgniter->runController(Object(App\Controllers\JadwalMaintenance))
#8 C:\xampp\htdocs\sarpras\vendor\codeigniter4\framework\system\CodeIgniter.php(368): CodeIgniter\CodeIgniter->handleRequest(NULL, Object(Config\Cache), false)
#9 C:\xampp\htdocs\sarpras\public\index.php(67): CodeIgniter\CodeIgniter->run()
#10 C:\xampp\htdocs\sarpras\vendor\codeigniter4\framework\system\Commands\Server\rewrite.php(47): require_once('C:\\xampp\\htdocs...')
#11 {main}
CRITICAL - 2023-11-20 13:48:24 --> Unable to connect to the database.
Main connection [MySQLi]: No connection could be made because the target machine actively refused it.

in SYSTEMPATH\Database\BaseConnection.php on line 427.
 1 SYSTEMPATH\Database\BaseConnection.php(574): CodeIgniter\Database\BaseConnection->initialize()
 2 SYSTEMPATH\Database\BaseBuilder.php(1616): CodeIgniter\Database\BaseConnection->query('SELECT *
FROM `tbl_assets`', [], false)
 3 SYSTEMPATH\Model.php(241): CodeIgniter\Database\BaseBuilder->get()
 4 SYSTEMPATH\BaseModel.php(618): CodeIgniter\Model->doFindAll(0, 0)
 5 APPPATH\Controllers\JadwalMaintenance.php(21): CodeIgniter\BaseModel->findAll()
 6 SYSTEMPATH\CodeIgniter.php(934): App\Controllers\JadwalMaintenance->index()
 7 SYSTEMPATH\CodeIgniter.php(499): CodeIgniter\CodeIgniter->runController(Object(App\Controllers\JadwalMaintenance))
 8 SYSTEMPATH\CodeIgniter.php(368): CodeIgniter\CodeIgniter->handleRequest(null, Object(Config\Cache), false)
 9 FCPATH\index.php(67): CodeIgniter\CodeIgniter->run()
10 SYSTEMPATH\Commands\Server\rewrite.php(47): require_once('C:\\xampp\\htdocs\\sarpras\\public\\index.php')
ERROR - 2023-11-20 13:48:58 --> Error connecting to the database: mysqli_sql_exception: No connection could be made because the target machine actively refused it.
 in C:\xampp\htdocs\sarpras\vendor\codeigniter4\framework\system\Database\MySQLi\Connection.php:174
Stack trace:
#0 C:\xampp\htdocs\sarpras\vendor\codeigniter4\framework\system\Database\MySQLi\Connection.php(174): mysqli->real_connect('localhost', 'root', '', 'sarpras_baru', 3306, '', 0)
#1 C:\xampp\htdocs\sarpras\vendor\codeigniter4\framework\system\Database\BaseConnection.php(391): CodeIgniter\Database\MySQLi\Connection->connect(false)
#2 C:\xampp\htdocs\sarpras\vendor\codeigniter4\framework\system\Database\BaseConnection.php(574): CodeIgniter\Database\BaseConnection->initialize()
#3 C:\xampp\htdocs\sarpras\vendor\codeigniter4\framework\system\Database\BaseBuilder.php(1616): CodeIgniter\Database\BaseConnection->query('SELECT *\nFROM `...', Array, false)
#4 C:\xampp\htdocs\sarpras\vendor\codeigniter4\framework\system\Model.php(241): CodeIgniter\Database\BaseBuilder->get()
#5 C:\xampp\htdocs\sarpras\vendor\codeigniter4\framework\system\BaseModel.php(618): CodeIgniter\Model->doFindAll(0, 0)
#6 C:\xampp\htdocs\sarpras\app\Controllers\JadwalMaintenance.php(21): CodeIgniter\BaseModel->findAll()
#7 C:\xampp\htdocs\sarpras\vendor\codeigniter4\framework\system\CodeIgniter.php(934): App\Controllers\JadwalMaintenance->index()
#8 C:\xampp\htdocs\sarpras\vendor\codeigniter4\framework\system\CodeIgniter.php(499): CodeIgniter\CodeIgniter->runController(Object(App\Controllers\JadwalMaintenance))
#9 C:\xampp\htdocs\sarpras\vendor\codeigniter4\framework\system\CodeIgniter.php(368): CodeIgniter\CodeIgniter->handleRequest(NULL, Object(Config\Cache), false)
#10 C:\xampp\htdocs\sarpras\public\index.php(67): CodeIgniter\CodeIgniter->run()
#11 C:\xampp\htdocs\sarpras\vendor\codeigniter4\framework\system\Commands\Server\rewrite.php(47): require_once('C:\\xampp\\htdocs...')
#12 {main}

Next CodeIgniter\Database\Exceptions\DatabaseException: No connection could be made because the target machine actively refused it.
 in C:\xampp\htdocs\sarpras\vendor\codeigniter4\framework\system\Database\MySQLi\Connection.php:218
Stack trace:
#0 C:\xampp\htdocs\sarpras\vendor\codeigniter4\framework\system\Database\BaseConnection.php(391): CodeIgniter\Database\MySQLi\Connection->connect(false)
#1 C:\xampp\htdocs\sarpras\vendor\codeigniter4\framework\system\Database\BaseConnection.php(574): CodeIgniter\Database\BaseConnection->initialize()
#2 C:\xampp\htdocs\sarpras\vendor\codeigniter4\framework\system\Database\BaseBuilder.php(1616): CodeIgniter\Database\BaseConnection->query('SELECT *\nFROM `...', Array, false)
#3 C:\xampp\htdocs\sarpras\vendor\codeigniter4\framework\system\Model.php(241): CodeIgniter\Database\BaseBuilder->get()
#4 C:\xampp\htdocs\sarpras\vendor\codeigniter4\framework\system\BaseModel.php(618): CodeIgniter\Model->doFindAll(0, 0)
#5 C:\xampp\htdocs\sarpras\app\Controllers\JadwalMaintenance.php(21): CodeIgniter\BaseModel->findAll()
#6 C:\xampp\htdocs\sarpras\vendor\codeigniter4\framework\system\CodeIgniter.php(934): App\Controllers\JadwalMaintenance->index()
#7 C:\xampp\htdocs\sarpras\vendor\codeigniter4\framework\system\CodeIgniter.php(499): CodeIgniter\CodeIgniter->runController(Object(App\Controllers\JadwalMaintenance))
#8 C:\xampp\htdocs\sarpras\vendor\codeigniter4\framework\system\CodeIgniter.php(368): CodeIgniter\CodeIgniter->handleRequest(NULL, Object(Config\Cache), false)
#9 C:\xampp\htdocs\sarpras\public\index.php(67): CodeIgniter\CodeIgniter->run()
#10 C:\xampp\htdocs\sarpras\vendor\codeigniter4\framework\system\Commands\Server\rewrite.php(47): require_once('C:\\xampp\\htdocs...')
#11 {main}
CRITICAL - 2023-11-20 13:48:58 --> Unable to connect to the database.
Main connection [MySQLi]: No connection could be made because the target machine actively refused it.

in SYSTEMPATH\Database\BaseConnection.php on line 427.
 1 SYSTEMPATH\Database\BaseConnection.php(574): CodeIgniter\Database\BaseConnection->initialize()
 2 SYSTEMPATH\Database\BaseBuilder.php(1616): CodeIgniter\Database\BaseConnection->query('SELECT *
FROM `tbl_assets`', [], false)
 3 SYSTEMPATH\Model.php(241): CodeIgniter\Database\BaseBuilder->get()
 4 SYSTEMPATH\BaseModel.php(618): CodeIgniter\Model->doFindAll(0, 0)
 5 APPPATH\Controllers\JadwalMaintenance.php(21): CodeIgniter\BaseModel->findAll()
 6 SYSTEMPATH\CodeIgniter.php(934): App\Controllers\JadwalMaintenance->index()
 7 SYSTEMPATH\CodeIgniter.php(499): CodeIgniter\CodeIgniter->runController(Object(App\Controllers\JadwalMaintenance))
 8 SYSTEMPATH\CodeIgniter.php(368): CodeIgniter\CodeIgniter->handleRequest(null, Object(Config\Cache), false)
 9 FCPATH\index.php(67): CodeIgniter\CodeIgniter->run()
10 SYSTEMPATH\Commands\Server\rewrite.php(47): require_once('C:\\xampp\\htdocs\\sarpras\\public\\index.php')
INFO - 2023-11-20 13:49:03 --> Session: Class initialized using 'CodeIgniter\Session\Handlers\FileHandler' driver.
INFO - 2023-11-20 13:49:10 --> Session: Class initialized using 'CodeIgniter\Session\Handlers\FileHandler' driver.
INFO - 2023-11-20 13:49:16 --> Session: Class initialized using 'CodeIgniter\Session\Handlers\FileHandler' driver.
INFO - 2023-11-20 13:49:21 --> Session: Class initialized using 'CodeIgniter\Session\Handlers\FileHandler' driver.
INFO - 2023-11-20 13:49:21 --> Session: Class initialized using 'CodeIgniter\Session\Handlers\FileHandler' driver.
INFO - 2023-11-20 13:49:27 --> Session: Class initialized using 'CodeIgniter\Session\Handlers\FileHandler' driver.
INFO - 2023-11-20 13:49:28 --> Session: Class initialized using 'CodeIgniter\Session\Handlers\FileHandler' driver.
INFO - 2023-11-20 13:49:33 --> Session: Class initialized using 'CodeIgniter\Session\Handlers\FileHandler' driver.
INFO - 2023-11-20 13:49:33 --> Session: Class initialized using 'CodeIgniter\Session\Handlers\FileHandler' driver.
INFO - 2023-11-20 13:50:11 --> Session: Class initialized using 'CodeIgniter\Session\Handlers\FileHandler' driver.
INFO - 2023-11-20 13:50:11 --> Session: Class initialized using 'CodeIgniter\Session\Handlers\FileHandler' driver.
INFO - 2023-11-20 13:50:19 --> Session: Class initialized using 'CodeIgniter\Session\Handlers\FileHandler' driver.
INFO - 2023-11-20 13:50:25 --> Session: Class initialized using 'CodeIgniter\Session\Handlers\FileHandler' driver.
INFO - 2023-11-20 13:50:30 --> Session: Class initialized using 'CodeIgniter\Session\Handlers\FileHandler' driver.
INFO - 2023-11-20 13:51:19 --> Session: Class initialized using 'CodeIgniter\Session\Handlers\FileHandler' driver.
INFO - 2023-11-20 13:51:21 --> Session: Class initialized using 'CodeIgniter\Session\Handlers\FileHandler' driver.
INFO - 2023-11-20 13:51:48 --> Session: Class initialized using 'CodeIgniter\Session\Handlers\FileHandler' driver.
INFO - 2023-11-20 13:51:59 --> Session: Class initialized using 'CodeIgniter\Session\Handlers\FileHandler' driver.
INFO - 2023-11-20 13:52:02 --> Session: Class initialized using 'CodeIgniter\Session\Handlers\FileHandler' driver.
INFO - 2023-11-20 13:52:04 --> Session: Class initialized using 'CodeIgniter\Session\Handlers\FileHandler' driver.
INFO - 2023-11-20 13:52:06 --> Session: Class initialized using 'CodeIgniter\Session\Handlers\FileHandler' driver.
INFO - 2023-11-20 13:52:49 --> Session: Class initialized using 'CodeIgniter\Session\Handlers\FileHandler' driver.
INFO - 2023-11-20 13:52:57 --> Session: Class initialized using 'CodeIgniter\Session\Handlers\FileHandler' driver.
INFO - 2023-11-20 13:53:43 --> Session: Class initialized using 'CodeIgniter\Session\Handlers\FileHandler' driver.
INFO - 2023-11-20 13:54:29 --> Session: Class initialized using 'CodeIgniter\Session\Handlers\FileHandler' driver.
INFO - 2023-11-20 13:56:02 --> Session: Class initialized using 'CodeIgniter\Session\Handlers\FileHandler' driver.
INFO - 2023-11-20 13:56:16 --> Session: Class initialized using 'CodeIgniter\Session\Handlers\FileHandler' driver.
INFO - 2023-11-20 13:56:37 --> Session: Class initialized using 'CodeIgniter\Session\Handlers\FileHandler' driver.
INFO - 2023-11-20 13:56:50 --> Session: Class initialized using 'CodeIgniter\Session\Handlers\FileHandler' driver.
INFO - 2023-11-20 13:57:34 --> Session: Class initialized using 'CodeIgniter\Session\Handlers\FileHandler' driver.
INFO - 2023-11-20 13:57:34 --> Session: Class initialized using 'CodeIgniter\Session\Handlers\FileHandler' driver.
INFO - 2023-11-20 13:59:15 --> Session: Class initialized using 'CodeIgniter\Session\Handlers\FileHandler' driver.
INFO - 2023-11-20 14:00:44 --> Session: Class initialized using 'CodeIgniter\Session\Handlers\FileHandler' driver.
INFO - 2023-11-20 14:01:00 --> Session: Class initialized using 'CodeIgniter\Session\Handlers\FileHandler' driver.
INFO - 2023-11-20 14:01:34 --> Session: Class initialized using 'CodeIgniter\Session\Handlers\FileHandler' driver.
INFO - 2023-11-20 14:03:57 --> Session: Class initialized using 'CodeIgniter\Session\Handlers\FileHandler' driver.
INFO - 2023-11-20 14:04:26 --> Session: Class initialized using 'CodeIgniter\Session\Handlers\FileHandler' driver.
INFO - 2023-11-20 14:04:32 --> Session: Class initialized using 'CodeIgniter\Session\Handlers\FileHandler' driver.
INFO - 2023-11-20 14:04:41 --> Session: Class initialized using 'CodeIgniter\Session\Handlers\FileHandler' driver.
CRITICAL - 2023-11-20 14:07:59 --> Too few arguments to function CodeIgniter\Database\BaseBuilder::where(), 0 passed in C:\xampp\htdocs\sarpras\vendor\codeigniter4\framework\system\Model.php on line 840 and at least 1 expected
in SYSTEMPATH\Database\BaseBuilder.php on line 696.
 1 SYSTEMPATH\Model.php(840): CodeIgniter\Database\BaseBuilder->where()
 2 APPPATH\Controllers\Assets.php(72): CodeIgniter\Model->__call('where', [])
 3 SYSTEMPATH\CodeIgniter.php(934): App\Controllers\Assets->index()
 4 SYSTEMPATH\CodeIgniter.php(499): CodeIgniter\CodeIgniter->runController(Object(App\Controllers\Assets))
 5 SYSTEMPATH\CodeIgniter.php(368): CodeIgniter\CodeIgniter->handleRequest(null, Object(Config\Cache), false)
 6 FCPATH\index.php(67): CodeIgniter\CodeIgniter->run()
 7 SYSTEMPATH\Commands\Server\rewrite.php(47): require_once('C:\\xampp\\htdocs\\sarpras\\public\\index.php')
INFO - 2023-11-20 14:38:43 --> Session: Class initialized using 'CodeIgniter\Session\Handlers\FileHandler' driver.
INFO - 2023-11-20 14:42:55 --> Session: Class initialized using 'CodeIgniter\Session\Handlers\FileHandler' driver.
INFO - 2023-11-20 14:43:23 --> Session: Class initialized using 'CodeIgniter\Session\Handlers\FileHandler' driver.
INFO - 2023-11-20 14:48:14 --> Session: Class initialized using 'CodeIgniter\Session\Handlers\FileHandler' driver.
INFO - 2023-11-20 14:48:23 --> Session: Class initialized using 'CodeIgniter\Session\Handlers\FileHandler' driver.
ERROR - 2023-11-20 14:48:32 --> mysqli_sql_exception: Unknown column 'tbl_assets.nama_assets' in 'where clause' in C:\xampp\htdocs\sarpras\vendor\codeigniter4\framework\system\Database\MySQLi\Connection.php:295
Stack trace:
#0 C:\xampp\htdocs\sarpras\vendor\codeigniter4\framework\system\Database\MySQLi\Connection.php(295): mysqli->query('SELECT COUNT(*)...', 0)
#1 C:\xampp\htdocs\sarpras\vendor\codeigniter4\framework\system\Database\BaseConnection.php(692): CodeIgniter\Database\MySQLi\Connection->execute('SELECT COUNT(*)...')
#2 C:\xampp\htdocs\sarpras\vendor\codeigniter4\framework\system\Database\BaseConnection.php(606): CodeIgniter\Database\BaseConnection->simpleQuery('SELECT COUNT(*)...')
#3 C:\xampp\htdocs\sarpras\vendor\codeigniter4\framework\system\Database\BaseBuilder.php(1700): CodeIgniter\Database\BaseConnection->query('SELECT COUNT(*)...', Array, false)
#4 C:\xampp\htdocs\sarpras\vendor\codeigniter4\framework\system\Model.php(606): CodeIgniter\Database\BaseBuilder->countAllResults(false)
#5 C:\xampp\htdocs\sarpras\vendor\codeigniter4\framework\system\BaseModel.php(1188): CodeIgniter\Model->countAllResults(false)
#6 C:\xampp\htdocs\sarpras\app\Controllers\Assets.php(250): CodeIgniter\BaseModel->paginate(6, 'tbl_assets')
#7 C:\xampp\htdocs\sarpras\vendor\codeigniter4\framework\system\CodeIgniter.php(934): App\Controllers\Assets->cari()
#8 C:\xampp\htdocs\sarpras\vendor\codeigniter4\framework\system\CodeIgniter.php(499): CodeIgniter\CodeIgniter->runController(Object(App\Controllers\Assets))
#9 C:\xampp\htdocs\sarpras\vendor\codeigniter4\framework\system\CodeIgniter.php(368): CodeIgniter\CodeIgniter->handleRequest(NULL, Object(Config\Cache), false)
#10 C:\xampp\htdocs\sarpras\public\index.php(67): CodeIgniter\CodeIgniter->run()
#11 C:\xampp\htdocs\sarpras\vendor\codeigniter4\framework\system\Commands\Server\rewrite.php(47): require_once('C:\\xampp\\htdocs...')
#12 {main}
CRITICAL - 2023-11-20 14:48:32 --> Unknown column 'tbl_assets.nama_assets' in 'where clause'
in SYSTEMPATH\Database\MySQLi\Connection.php on line 295.
 1 SYSTEMPATH\Database\MySQLi\Connection.php(295): mysqli->query('SELECT COUNT(*) AS `numrows`
FROM `tbl_assets`
LEFT JOIN `tbl_brand` ON `tbl_brand`.`id_brand`=`tbl_assets`.`brand_id`
LEFT JOIN `tbl_location` ON `tbl_location`.`id_location`=`tbl_assets`.`location_id`
LEFT JOIN `tbl_category` ON `tbl_category`.`id_category`=`tbl_assets`.`category_id`
LEFT JOIN `tbl_main_category` ON `tbl_main_category`.`id_main_category`=`tbl_assets`.`main_category_id`
LEFT JOIN `tbl_status` ON `tbl_status`.`id_status`=`tbl_assets`.`status_id`
LEFT JOIN `tbl_condition` ON `tbl_condition`.`id_condition`=`tbl_assets`.`condition_id`
LEFT JOIN `tbl_type_brand` ON `tbl_type_brand`.`id_type_brand`=`tbl_assets`.`type_brand_id`
WHERE `tbl_assets`.`nama_assets` LIKE \'%infocus%\' ESCAPE \'!\'', 0)
 2 SYSTEMPATH\Database\BaseConnection.php(692): CodeIgniter\Database\MySQLi\Connection->execute('SELECT COUNT(*) AS `numrows`
FROM `tbl_assets`
LEFT JOIN `tbl_brand` ON `tbl_brand`.`id_brand`=`tbl_assets`.`brand_id`
LEFT JOIN `tbl_location` ON `tbl_location`.`id_location`=`tbl_assets`.`location_id`
LEFT JOIN `tbl_category` ON `tbl_category`.`id_category`=`tbl_assets`.`category_id`
LEFT JOIN `tbl_main_category` ON `tbl_main_category`.`id_main_category`=`tbl_assets`.`main_category_id`
LEFT JOIN `tbl_status` ON `tbl_status`.`id_status`=`tbl_assets`.`status_id`
LEFT JOIN `tbl_condition` ON `tbl_condition`.`id_condition`=`tbl_assets`.`condition_id`
LEFT JOIN `tbl_type_brand` ON `tbl_type_brand`.`id_type_brand`=`tbl_assets`.`type_brand_id`
WHERE `tbl_assets`.`nama_assets` LIKE \'%infocus%\' ESCAPE \'!\'')
 3 SYSTEMPATH\Database\BaseConnection.php(606): CodeIgniter\Database\BaseConnection->simpleQuery('SELECT COUNT(*) AS `numrows`
FROM `tbl_assets`
LEFT JOIN `tbl_brand` ON `tbl_brand`.`id_brand`=`tbl_assets`.`brand_id`
LEFT JOIN `tbl_location` ON `tbl_location`.`id_location`=`tbl_assets`.`location_id`
LEFT JOIN `tbl_category` ON `tbl_category`.`id_category`=`tbl_assets`.`category_id`
LEFT JOIN `tbl_main_category` ON `tbl_main_category`.`id_main_category`=`tbl_assets`.`main_category_id`
LEFT JOIN `tbl_status` ON `tbl_status`.`id_status`=`tbl_assets`.`status_id`
LEFT JOIN `tbl_condition` ON `tbl_condition`.`id_condition`=`tbl_assets`.`condition_id`
LEFT JOIN `tbl_type_brand` ON `tbl_type_brand`.`id_type_brand`=`tbl_assets`.`type_brand_id`
WHERE `tbl_assets`.`nama_assets` LIKE \'%infocus%\' ESCAPE \'!\'')
 4 SYSTEMPATH\Database\BaseBuilder.php(1700): CodeIgniter\Database\BaseConnection->query('SELECT COUNT(*) AS `numrows`
FROM `tbl_assets`
LEFT JOIN `tbl_brand` ON `tbl_brand`.`id_brand`=`tbl_assets`.`brand_id`
LEFT JOIN `tbl_location` ON `tbl_location`.`id_location`=`tbl_assets`.`location_id`
LEFT JOIN `tbl_category` ON `tbl_category`.`id_category`=`tbl_assets`.`category_id`
LEFT JOIN `tbl_main_category` ON `tbl_main_category`.`id_main_category`=`tbl_assets`.`main_category_id`
LEFT JOIN `tbl_status` ON `tbl_status`.`id_status`=`tbl_assets`.`status_id`
LEFT JOIN `tbl_condition` ON `tbl_condition`.`id_condition`=`tbl_assets`.`condition_id`
LEFT JOIN `tbl_type_brand` ON `tbl_type_brand`.`id_type_brand`=`tbl_assets`.`type_brand_id`
WHERE `tbl_assets`.`nama_assets` LIKE :tbl_assets.nama_assets: ESCAPE \'!\'', [...], false)
 5 SYSTEMPATH\Model.php(606): CodeIgniter\Database\BaseBuilder->countAllResults(false)
 6 SYSTEMPATH\BaseModel.php(1188): CodeIgniter\Model->countAllResults(false)
 7 APPPATH\Controllers\Assets.php(250): CodeIgniter\BaseModel->paginate(6, 'tbl_assets')
 8 SYSTEMPATH\CodeIgniter.php(934): App\Controllers\Assets->cari()
 9 SYSTEMPATH\CodeIgniter.php(499): CodeIgniter\CodeIgniter->runController(Object(App\Controllers\Assets))
10 SYSTEMPATH\CodeIgniter.php(368): CodeIgniter\CodeIgniter->handleRequest(null, Object(Config\Cache), false)
11 FCPATH\index.php(67): CodeIgniter\CodeIgniter->run()
12 SYSTEMPATH\Commands\Server\rewrite.php(47): require_once('C:\\xampp\\htdocs\\sarpras\\public\\index.php')
INFO - 2023-11-20 14:48:53 --> Session: Class initialized using 'CodeIgniter\Session\Handlers\FileHandler' driver.
CRITICAL - 2023-11-20 14:50:40 --> Undefined property: CodeIgniter\View\View::$request
in APPPATH\Views\assets\index.php on line 21.
 1 APPPATH\Views\assets\index.php(21): CodeIgniter\Debug\Exceptions->errorHandler(8, 'Undefined property: CodeIgniter\\View\\View::$request', 'C:\\xampp\\htdocs\\sarpras\\app\\Views\\assets\\index.php', 21, [...])
 2 SYSTEMPATH\View\View.php(213): include('C:\\xampp\\htdocs\\sarpras\\app\\Views\\assets\\index.php')
 3 SYSTEMPATH\View\View.php(216): CodeIgniter\View\View->CodeIgniter\View\{closure}()
 4 SYSTEMPATH\Common.php(1184): CodeIgniter\View\View->render('assets/index', [], true)
 5 APPPATH\Controllers\Assets.php(258): view('assets/index', [...])
 6 SYSTEMPATH\CodeIgniter.php(934): App\Controllers\Assets->cari()
 7 SYSTEMPATH\CodeIgniter.php(499): CodeIgniter\CodeIgniter->runController(Object(App\Controllers\Assets))
 8 SYSTEMPATH\CodeIgniter.php(368): CodeIgniter\CodeIgniter->handleRequest(null, Object(Config\Cache), false)
 9 FCPATH\index.php(67): CodeIgniter\CodeIgniter->run()
10 SYSTEMPATH\Commands\Server\rewrite.php(47): require_once('C:\\xampp\\htdocs\\sarpras\\public\\index.php')
CRITICAL - 2023-11-20 14:51:39 --> Undefined property: CodeIgniter\View\View::$request
in APPPATH\Views\assets\index.php on line 21.
 1 APPPATH\Views\assets\index.php(21): CodeIgniter\Debug\Exceptions->errorHandler(8, 'Undefined property: CodeIgniter\\View\\View::$request', 'C:\\xampp\\htdocs\\sarpras\\app\\Views\\assets\\index.php', 21, [...])
 2 SYSTEMPATH\View\View.php(213): include('C:\\xampp\\htdocs\\sarpras\\app\\Views\\assets\\index.php')
 3 SYSTEMPATH\View\View.php(216): CodeIgniter\View\View->CodeIgniter\View\{closure}()
 4 SYSTEMPATH\Common.php(1184): CodeIgniter\View\View->render('assets/index', [], true)
 5 APPPATH\Controllers\Assets.php(258): view('assets/index', [...])
 6 SYSTEMPATH\CodeIgniter.php(934): App\Controllers\Assets->cari()
 7 SYSTEMPATH\CodeIgniter.php(499): CodeIgniter\CodeIgniter->runController(Object(App\Controllers\Assets))
 8 SYSTEMPATH\CodeIgniter.php(368): CodeIgniter\CodeIgniter->handleRequest(null, Object(Config\Cache), false)
 9 FCPATH\index.php(67): CodeIgniter\CodeIgniter->run()
10 SYSTEMPATH\Commands\Server\rewrite.php(47): require_once('C:\\xampp\\htdocs\\sarpras\\public\\index.php')
CRITICAL - 2023-11-20 14:53:40 --> Undefined property: CodeIgniter\View\View::$request
in APPPATH\Views\assets\index.php on line 21.
 1 APPPATH\Views\assets\index.php(21): CodeIgniter\Debug\Exceptions->errorHandler(8, 'Undefined property: CodeIgniter\\View\\View::$request', 'C:\\xampp\\htdocs\\sarpras\\app\\Views\\assets\\index.php', 21, [...])
 2 SYSTEMPATH\View\View.php(213): include('C:\\xampp\\htdocs\\sarpras\\app\\Views\\assets\\index.php')
 3 SYSTEMPATH\View\View.php(216): CodeIgniter\View\View->CodeIgniter\View\{closure}()
 4 SYSTEMPATH\Common.php(1184): CodeIgniter\View\View->render('assets/index', [], true)
 5 APPPATH\Controllers\Assets.php(258): view('assets/index', [...])
 6 SYSTEMPATH\CodeIgniter.php(934): App\Controllers\Assets->cari()
 7 SYSTEMPATH\CodeIgniter.php(499): CodeIgniter\CodeIgniter->runController(Object(App\Controllers\Assets))
 8 SYSTEMPATH\CodeIgniter.php(368): CodeIgniter\CodeIgniter->handleRequest(null, Object(Config\Cache), false)
 9 FCPATH\index.php(67): CodeIgniter\CodeIgniter->run()
10 SYSTEMPATH\Commands\Server\rewrite.php(47): require_once('C:\\xampp\\htdocs\\sarpras\\public\\index.php')
CRITICAL - 2023-11-20 14:53:57 --> Undefined property: CodeIgniter\View\View::$request
in APPPATH\Views\assets\index.php on line 21.
 1 APPPATH\Views\assets\index.php(21): CodeIgniter\Debug\Exceptions->errorHandler(8, 'Undefined property: CodeIgniter\\View\\View::$request', 'C:\\xampp\\htdocs\\sarpras\\app\\Views\\assets\\index.php', 21, [...])
 2 SYSTEMPATH\View\View.php(213): include('C:\\xampp\\htdocs\\sarpras\\app\\Views\\assets\\index.php')
 3 SYSTEMPATH\View\View.php(216): CodeIgniter\View\View->CodeIgniter\View\{closure}()
 4 SYSTEMPATH\Common.php(1184): CodeIgniter\View\View->render('assets/index', [], true)
 5 APPPATH\Controllers\Assets.php(73): view('assets/index', [...])
 6 SYSTEMPATH\CodeIgniter.php(934): App\Controllers\Assets->index()
 7 SYSTEMPATH\CodeIgniter.php(499): CodeIgniter\CodeIgniter->runController(Object(App\Controllers\Assets))
 8 SYSTEMPATH\CodeIgniter.php(368): CodeIgniter\CodeIgniter->handleRequest(null, Object(Config\Cache), false)
 9 FCPATH\index.php(67): CodeIgniter\CodeIgniter->run()
10 SYSTEMPATH\Commands\Server\rewrite.php(47): require_once('C:\\xampp\\htdocs\\sarpras\\public\\index.php')
CRITICAL - 2023-11-20 14:54:14 --> Undefined property: CodeIgniter\View\View::$request
in APPPATH\Views\assets\index.php on line 21.
 1 APPPATH\Views\assets\index.php(21): CodeIgniter\Debug\Exceptions->errorHandler(8, 'Undefined property: CodeIgniter\\View\\View::$request', 'C:\\xampp\\htdocs\\sarpras\\app\\Views\\assets\\index.php', 21, [...])
 2 SYSTEMPATH\View\View.php(213): include('C:\\xampp\\htdocs\\sarpras\\app\\Views\\assets\\index.php')
 3 SYSTEMPATH\View\View.php(216): CodeIgniter\View\View->CodeIgniter\View\{closure}()
 4 SYSTEMPATH\Common.php(1184): CodeIgniter\View\View->render('assets/index', [], true)
 5 APPPATH\Controllers\Assets.php(73): view('assets/index', [...])
 6 SYSTEMPATH\CodeIgniter.php(934): App\Controllers\Assets->index()
 7 SYSTEMPATH\CodeIgniter.php(499): CodeIgniter\CodeIgniter->runController(Object(App\Controllers\Assets))
 8 SYSTEMPATH\CodeIgniter.php(368): CodeIgniter\CodeIgniter->handleRequest(null, Object(Config\Cache), false)
 9 FCPATH\index.php(67): CodeIgniter\CodeIgniter->run()
10 SYSTEMPATH\Commands\Server\rewrite.php(47): require_once('C:\\xampp\\htdocs\\sarpras\\public\\index.php')
INFO - 2023-11-20 14:54:33 --> Session: Class initialized using 'CodeIgniter\Session\Handlers\FileHandler' driver.
CRITICAL - 2023-11-20 14:55:43 --> Undefined variable: keyword
in APPPATH\Views\assets\index.php on line 21.
 1 APPPATH\Views\assets\index.php(21): CodeIgniter\Debug\Exceptions->errorHandler(8, 'Undefined variable: keyword', 'C:\\xampp\\htdocs\\sarpras\\app\\Views\\assets\\index.php', 21, [...])
 2 SYSTEMPATH\View\View.php(213): include('C:\\xampp\\htdocs\\sarpras\\app\\Views\\assets\\index.php')
 3 SYSTEMPATH\View\View.php(216): CodeIgniter\View\View->CodeIgniter\View\{closure}()
 4 SYSTEMPATH\Common.php(1184): CodeIgniter\View\View->render('assets/index', [], true)
 5 APPPATH\Controllers\Assets.php(73): view('assets/index', [...])
 6 SYSTEMPATH\CodeIgniter.php(934): App\Controllers\Assets->index()
 7 SYSTEMPATH\CodeIgniter.php(499): CodeIgniter\CodeIgniter->runController(Object(App\Controllers\Assets))
 8 SYSTEMPATH\CodeIgniter.php(368): CodeIgniter\CodeIgniter->handleRequest(null, Object(Config\Cache), false)
 9 FCPATH\index.php(67): CodeIgniter\CodeIgniter->run()
10 SYSTEMPATH\Commands\Server\rewrite.php(47): require_once('C:\\xampp\\htdocs\\sarpras\\public\\index.php')
CRITICAL - 2023-11-20 14:56:27 --> Undefined index: keyword
in APPPATH\Views\assets\index.php on line 21.
 1 APPPATH\Views\assets\index.php(21): CodeIgniter\Debug\Exceptions->errorHandler(8, 'Undefined index: keyword', 'C:\\xampp\\htdocs\\sarpras\\app\\Views\\assets\\index.php', 21, [...])
 2 SYSTEMPATH\View\View.php(213): include('C:\\xampp\\htdocs\\sarpras\\app\\Views\\assets\\index.php')
 3 SYSTEMPATH\View\View.php(216): CodeIgniter\View\View->CodeIgniter\View\{closure}()
 4 SYSTEMPATH\Common.php(1184): CodeIgniter\View\View->render('assets/index', [], true)
 5 APPPATH\Controllers\Assets.php(73): view('assets/index', [...])
 6 SYSTEMPATH\CodeIgniter.php(934): App\Controllers\Assets->index()
 7 SYSTEMPATH\CodeIgniter.php(499): CodeIgniter\CodeIgniter->runController(Object(App\Controllers\Assets))
 8 SYSTEMPATH\CodeIgniter.php(368): CodeIgniter\CodeIgniter->handleRequest(null, Object(Config\Cache), false)
 9 FCPATH\index.php(67): CodeIgniter\CodeIgniter->run()
10 SYSTEMPATH\Commands\Server\rewrite.php(47): require_once('C:\\xampp\\htdocs\\sarpras\\public\\index.php')
CRITICAL - 2023-11-20 14:57:17 --> Undefined index: keyword
in APPPATH\Views\assets\index.php on line 21.
 1 APPPATH\Views\assets\index.php(21): CodeIgniter\Debug\Exceptions->errorHandler(8, 'Undefined index: keyword', 'C:\\xampp\\htdocs\\sarpras\\app\\Views\\assets\\index.php', 21, [...])
 2 SYSTEMPATH\View\View.php(213): include('C:\\xampp\\htdocs\\sarpras\\app\\Views\\assets\\index.php')
 3 SYSTEMPATH\View\View.php(216): CodeIgniter\View\View->CodeIgniter\View\{closure}()
 4 SYSTEMPATH\Common.php(1184): CodeIgniter\View\View->render('assets/index', [], true)
 5 APPPATH\Controllers\Assets.php(259): view('assets/index', [...])
 6 SYSTEMPATH\CodeIgniter.php(934): App\Controllers\Assets->cari()
 7 SYSTEMPATH\CodeIgniter.php(499): CodeIgniter\CodeIgniter->runController(Object(App\Controllers\Assets))
 8 SYSTEMPATH\CodeIgniter.php(368): CodeIgniter\CodeIgniter->handleRequest(null, Object(Config\Cache), false)
 9 FCPATH\index.php(67): CodeIgniter\CodeIgniter->run()
10 SYSTEMPATH\Commands\Server\rewrite.php(47): require_once('C:\\xampp\\htdocs\\sarpras\\public\\index.php')
CRITICAL - 2023-11-20 15:04:11 --> Undefined variable: keyword
in APPPATH\Views\assets\index.php on line 22.
 1 APPPATH\Views\assets\index.php(22): CodeIgniter\Debug\Exceptions->errorHandler(8, 'Undefined variable: keyword', 'C:\\xampp\\htdocs\\sarpras\\app\\Views\\assets\\index.php', 22, [...])
 2 SYSTEMPATH\View\View.php(213): include('C:\\xampp\\htdocs\\sarpras\\app\\Views\\assets\\index.php')
 3 SYSTEMPATH\View\View.php(216): CodeIgniter\View\View->CodeIgniter\View\{closure}()
 4 SYSTEMPATH\Common.php(1184): CodeIgniter\View\View->render('assets/index', [], true)
 5 APPPATH\Controllers\Assets.php(73): view('assets/index', [...])
 6 SYSTEMPATH\CodeIgniter.php(934): App\Controllers\Assets->index()
 7 SYSTEMPATH\CodeIgniter.php(499): CodeIgniter\CodeIgniter->runController(Object(App\Controllers\Assets))
 8 SYSTEMPATH\CodeIgniter.php(368): CodeIgniter\CodeIgniter->handleRequest(null, Object(Config\Cache), false)
 9 FCPATH\index.php(67): CodeIgniter\CodeIgniter->run()
10 SYSTEMPATH\Commands\Server\rewrite.php(47): require_once('C:\\xampp\\htdocs\\sarpras\\public\\index.php')
CRITICAL - 2023-11-20 15:04:42 --> Undefined variable: keyword
in APPPATH\Views\assets\index.php on line 22.
 1 APPPATH\Views\assets\index.php(22): CodeIgniter\Debug\Exceptions->errorHandler(8, 'Undefined variable: keyword', 'C:\\xampp\\htdocs\\sarpras\\app\\Views\\assets\\index.php', 22, [...])
 2 SYSTEMPATH\View\View.php(213): include('C:\\xampp\\htdocs\\sarpras\\app\\Views\\assets\\index.php')
 3 SYSTEMPATH\View\View.php(216): CodeIgniter\View\View->CodeIgniter\View\{closure}()
 4 SYSTEMPATH\Common.php(1184): CodeIgniter\View\View->render('assets/index', [], true)
 5 APPPATH\Controllers\Assets.php(73): view('assets/index', [...])
 6 SYSTEMPATH\CodeIgniter.php(934): App\Controllers\Assets->index()
 7 SYSTEMPATH\CodeIgniter.php(499): CodeIgniter\CodeIgniter->runController(Object(App\Controllers\Assets))
 8 SYSTEMPATH\CodeIgniter.php(368): CodeIgniter\CodeIgniter->handleRequest(null, Object(Config\Cache), false)
 9 FCPATH\index.php(67): CodeIgniter\CodeIgniter->run()
10 SYSTEMPATH\Commands\Server\rewrite.php(47): require_once('C:\\xampp\\htdocs\\sarpras\\public\\index.php')
CRITICAL - 2023-11-20 15:04:57 --> Undefined variable: keyword
in APPPATH\Views\assets\index.php on line 22.
 1 APPPATH\Views\assets\index.php(22): CodeIgniter\Debug\Exceptions->errorHandler(8, 'Undefined variable: keyword', 'C:\\xampp\\htdocs\\sarpras\\app\\Views\\assets\\index.php', 22, [...])
 2 SYSTEMPATH\View\View.php(213): include('C:\\xampp\\htdocs\\sarpras\\app\\Views\\assets\\index.php')
 3 SYSTEMPATH\View\View.php(216): CodeIgniter\View\View->CodeIgniter\View\{closure}()
 4 SYSTEMPATH\Common.php(1184): CodeIgniter\View\View->render('assets/index', [], true)
 5 APPPATH\Controllers\Assets.php(73): view('assets/index', [...])
 6 SYSTEMPATH\CodeIgniter.php(934): App\Controllers\Assets->index()
 7 SYSTEMPATH\CodeIgniter.php(499): CodeIgniter\CodeIgniter->runController(Object(App\Controllers\Assets))
 8 SYSTEMPATH\CodeIgniter.php(368): CodeIgniter\CodeIgniter->handleRequest(null, Object(Config\Cache), false)
 9 FCPATH\index.php(67): CodeIgniter\CodeIgniter->run()
10 SYSTEMPATH\Commands\Server\rewrite.php(47): require_once('C:\\xampp\\htdocs\\sarpras\\public\\index.php')
CRITICAL - 2023-11-20 15:05:26 --> Undefined variable: keyword
in APPPATH\Views\assets\index.php on line 22.
 1 APPPATH\Views\assets\index.php(22): CodeIgniter\Debug\Exceptions->errorHandler(8, 'Undefined variable: keyword', 'C:\\xampp\\htdocs\\sarpras\\app\\Views\\assets\\index.php', 22, [...])
 2 SYSTEMPATH\View\View.php(213): include('C:\\xampp\\htdocs\\sarpras\\app\\Views\\assets\\index.php')
 3 SYSTEMPATH\View\View.php(216): CodeIgniter\View\View->CodeIgniter\View\{closure}()
 4 SYSTEMPATH\Common.php(1184): CodeIgniter\View\View->render('assets/index', [], true)
 5 APPPATH\Controllers\Assets.php(73): view('assets/index', [...])
 6 SYSTEMPATH\CodeIgniter.php(934): App\Controllers\Assets->index()
 7 SYSTEMPATH\CodeIgniter.php(499): CodeIgniter\CodeIgniter->runController(Object(App\Controllers\Assets))
 8 SYSTEMPATH\CodeIgniter.php(368): CodeIgniter\CodeIgniter->handleRequest(null, Object(Config\Cache), false)
 9 FCPATH\index.php(67): CodeIgniter\CodeIgniter->run()
10 SYSTEMPATH\Commands\Server\rewrite.php(47): require_once('C:\\xampp\\htdocs\\sarpras\\public\\index.php')
INFO - 2023-11-20 15:05:54 --> Session: Class initialized using 'CodeIgniter\Session\Handlers\FileHandler' driver.
INFO - 2023-11-20 15:06:07 --> Session: Class initialized using 'CodeIgniter\Session\Handlers\FileHandler' driver.
INFO - 2023-11-20 15:06:21 --> Session: Class initialized using 'CodeIgniter\Session\Handlers\FileHandler' driver.
