INFO - 2023-05-24 03:46:05 --> Session: Class initialized using 'CodeIgniter\Session\Handlers\FileHandler' driver.
INFO - 2023-05-24 03:46:29 --> Session: Class initialized using 'CodeIgniter\Session\Handlers\FileHandler' driver.
CRITICAL - 2023-05-24 04:05:34 --> Undefined index: status
in APPPATH\Views\assets\add.php on line 55.
 1 APPPATH\Views\assets\add.php(55): CodeIgniter\Debug\Exceptions->errorHandler(8, 'Undefined index: status', 'C:\\xampp\\htdocs\\sarpras\\app\\Views\\assets\\add.php', 55, [...])
 2 SYSTEMPATH\View\View.php(213): include('C:\\xampp\\htdocs\\sarpras\\app\\Views\\assets\\add.php')
 3 SYSTEMPATH\View\View.php(216): CodeIgniter\View\View->CodeIgniter\View\{closure}()
 4 SYSTEMPATH\Common.php(1184): CodeIgniter\View\View->render('assets/add', [], true)
 5 APPPATH\Controllers\Assets.php(56): view('assets/add', [...])
 6 SYSTEMPATH\CodeIgniter.php(934): App\Controllers\Assets->tambah()
 7 SYSTEMPATH\CodeIgniter.php(499): CodeIgniter\CodeIgniter->runController(Object(App\Controllers\Assets))
 8 SYSTEMPATH\CodeIgniter.php(368): CodeIgniter\CodeIgniter->handleRequest(null, Object(Config\Cache), false)
 9 FCPATH\index.php(67): CodeIgniter\CodeIgniter->run()
10 SYSTEMPATH\Commands\Server\rewrite.php(47): require_once('C:\\xampp\\htdocs\\sarpras\\public\\index.php')
CRITICAL - 2023-05-24 06:22:41 --> Undefined index: status
in APPPATH\Views\assets\add.php on line 55.
 1 APPPATH\Views\assets\add.php(55): CodeIgniter\Debug\Exceptions->errorHandler(8, 'Undefined index: status', 'C:\\xampp\\htdocs\\sarpras\\app\\Views\\assets\\add.php', 55, [...])
 2 SYSTEMPATH\View\View.php(213): include('C:\\xampp\\htdocs\\sarpras\\app\\Views\\assets\\add.php')
 3 SYSTEMPATH\View\View.php(216): CodeIgniter\View\View->CodeIgniter\View\{closure}()
 4 SYSTEMPATH\Common.php(1184): CodeIgniter\View\View->render('assets/add', [], true)
 5 APPPATH\Controllers\Assets.php(56): view('assets/add', [...])
 6 SYSTEMPATH\CodeIgniter.php(934): App\Controllers\Assets->tambah()
 7 SYSTEMPATH\CodeIgniter.php(499): CodeIgniter\CodeIgniter->runController(Object(App\Controllers\Assets))
 8 SYSTEMPATH\CodeIgniter.php(368): CodeIgniter\CodeIgniter->handleRequest(null, Object(Config\Cache), false)
 9 FCPATH\index.php(67): CodeIgniter\CodeIgniter->run()
10 SYSTEMPATH\Commands\Server\rewrite.php(47): require_once('C:\\xampp\\htdocs\\sarpras\\public\\index.php')
CRITICAL - 2023-05-24 06:23:27 --> Undefined index: status
in APPPATH\Views\assets\add.php on line 55.
 1 APPPATH\Views\assets\add.php(55): CodeIgniter\Debug\Exceptions->errorHandler(8, 'Undefined index: status', 'C:\\xampp\\htdocs\\sarpras\\app\\Views\\assets\\add.php', 55, [...])
 2 SYSTEMPATH\View\View.php(213): include('C:\\xampp\\htdocs\\sarpras\\app\\Views\\assets\\add.php')
 3 SYSTEMPATH\View\View.php(216): CodeIgniter\View\View->CodeIgniter\View\{closure}()
 4 SYSTEMPATH\Common.php(1184): CodeIgniter\View\View->render('assets/add', [], true)
 5 APPPATH\Controllers\Assets.php(57): view('assets/add', [...])
 6 SYSTEMPATH\CodeIgniter.php(934): App\Controllers\Assets->tambah()
 7 SYSTEMPATH\CodeIgniter.php(499): CodeIgniter\CodeIgniter->runController(Object(App\Controllers\Assets))
 8 SYSTEMPATH\CodeIgniter.php(368): CodeIgniter\CodeIgniter->handleRequest(null, Object(Config\Cache), false)
 9 FCPATH\index.php(67): CodeIgniter\CodeIgniter->run()
10 SYSTEMPATH\Commands\Server\rewrite.php(47): require_once('C:\\xampp\\htdocs\\sarpras\\public\\index.php')
CRITICAL - 2023-05-24 06:26:44 --> Invalid file: "Status/index.php"
in SYSTEMPATH\Exceptions\FrameworkException.php on line 33.
 1 SYSTEMPATH\View\View.php(201): CodeIgniter\Exceptions\FrameworkException::forInvalidFile('Status/index.php')
 2 SYSTEMPATH\Common.php(1184): CodeIgniter\View\View->render('Status/index', [], true)
 3 APPPATH\Controllers\Status.php(23): view('Status/index', [...])
 4 SYSTEMPATH\CodeIgniter.php(934): App\Controllers\Status->index()
 5 SYSTEMPATH\CodeIgniter.php(499): CodeIgniter\CodeIgniter->runController(Object(App\Controllers\Status))
 6 SYSTEMPATH\CodeIgniter.php(368): CodeIgniter\CodeIgniter->handleRequest(null, Object(Config\Cache), false)
 7 FCPATH\index.php(67): CodeIgniter\CodeIgniter->run()
 8 SYSTEMPATH\Commands\Server\rewrite.php(47): require_once('C:\\xampp\\htdocs\\sarpras\\public\\index.php')
CRITICAL - 2023-05-24 06:27:39 --> Invalid file: "status/index.php"
in SYSTEMPATH\Exceptions\FrameworkException.php on line 33.
 1 SYSTEMPATH\View\View.php(201): CodeIgniter\Exceptions\FrameworkException::forInvalidFile('status/index.php')
 2 SYSTEMPATH\Common.php(1184): CodeIgniter\View\View->render('status/index', [], true)
 3 APPPATH\Controllers\Status.php(23): view('status/index', [...])
 4 SYSTEMPATH\CodeIgniter.php(934): App\Controllers\Status->index()
 5 SYSTEMPATH\CodeIgniter.php(499): CodeIgniter\CodeIgniter->runController(Object(App\Controllers\Status))
 6 SYSTEMPATH\CodeIgniter.php(368): CodeIgniter\CodeIgniter->handleRequest(null, Object(Config\Cache), false)
 7 FCPATH\index.php(67): CodeIgniter\CodeIgniter->run()
 8 SYSTEMPATH\Commands\Server\rewrite.php(47): require_once('C:\\xampp\\htdocs\\sarpras\\public\\index.php')
INFO - 2023-05-24 06:29:10 --> Session: Class initialized using 'CodeIgniter\Session\Handlers\FileHandler' driver.
INFO - 2023-05-24 06:29:48 --> Session: Class initialized using 'CodeIgniter\Session\Handlers\FileHandler' driver.
INFO - 2023-05-24 06:30:04 --> Session: Class initialized using 'CodeIgniter\Session\Handlers\FileHandler' driver.
INFO - 2023-05-24 06:30:04 --> Session: Class initialized using 'CodeIgniter\Session\Handlers\FileHandler' driver.
INFO - 2023-05-24 06:30:12 --> Session: Class initialized using 'CodeIgniter\Session\Handlers\FileHandler' driver.
INFO - 2023-05-24 06:30:12 --> Session: Class initialized using 'CodeIgniter\Session\Handlers\FileHandler' driver.
INFO - 2023-05-24 06:30:22 --> Session: Class initialized using 'CodeIgniter\Session\Handlers\FileHandler' driver.
CRITICAL - 2023-05-24 06:38:04 --> Undefined index: type_brand
in APPPATH\Views\assets\add.php on line 58.
 1 APPPATH\Views\assets\add.php(58): CodeIgniter\Debug\Exceptions->errorHandler(8, 'Undefined index: type_brand', 'C:\\xampp\\htdocs\\sarpras\\app\\Views\\assets\\add.php', 58, [...])
 2 SYSTEMPATH\View\View.php(213): include('C:\\xampp\\htdocs\\sarpras\\app\\Views\\assets\\add.php')
 3 SYSTEMPATH\View\View.php(216): CodeIgniter\View\View->CodeIgniter\View\{closure}()
 4 SYSTEMPATH\Common.php(1184): CodeIgniter\View\View->render('assets/add', [], true)
 5 APPPATH\Controllers\Assets.php(60): view('assets/add', [...])
 6 SYSTEMPATH\CodeIgniter.php(934): App\Controllers\Assets->tambah()
 7 SYSTEMPATH\CodeIgniter.php(499): CodeIgniter\CodeIgniter->runController(Object(App\Controllers\Assets))
 8 SYSTEMPATH\CodeIgniter.php(368): CodeIgniter\CodeIgniter->handleRequest(null, Object(Config\Cache), false)
 9 FCPATH\index.php(67): CodeIgniter\CodeIgniter->run()
10 SYSTEMPATH\Commands\Server\rewrite.php(47): require_once('C:\\xampp\\htdocs\\sarpras\\public\\index.php')
CRITICAL - 2023-05-24 06:38:53 --> Undefined index: type
in APPPATH\Views\assets\add.php on line 58.
 1 APPPATH\Views\assets\add.php(58): CodeIgniter\Debug\Exceptions->errorHandler(8, 'Undefined index: type', 'C:\\xampp\\htdocs\\sarpras\\app\\Views\\assets\\add.php', 58, [...])
 2 SYSTEMPATH\View\View.php(213): include('C:\\xampp\\htdocs\\sarpras\\app\\Views\\assets\\add.php')
 3 SYSTEMPATH\View\View.php(216): CodeIgniter\View\View->CodeIgniter\View\{closure}()
 4 SYSTEMPATH\Common.php(1184): CodeIgniter\View\View->render('assets/add', [], true)
 5 APPPATH\Controllers\Assets.php(60): view('assets/add', [...])
 6 SYSTEMPATH\CodeIgniter.php(934): App\Controllers\Assets->tambah()
 7 SYSTEMPATH\CodeIgniter.php(499): CodeIgniter\CodeIgniter->runController(Object(App\Controllers\Assets))
 8 SYSTEMPATH\CodeIgniter.php(368): CodeIgniter\CodeIgniter->handleRequest(null, Object(Config\Cache), false)
 9 FCPATH\index.php(67): CodeIgniter\CodeIgniter->run()
10 SYSTEMPATH\Commands\Server\rewrite.php(47): require_once('C:\\xampp\\htdocs\\sarpras\\public\\index.php')
CRITICAL - 2023-05-24 06:39:08 --> Undefined index: type_brand
in APPPATH\Views\assets\add.php on line 58.
 1 APPPATH\Views\assets\add.php(58): CodeIgniter\Debug\Exceptions->errorHandler(8, 'Undefined index: type_brand', 'C:\\xampp\\htdocs\\sarpras\\app\\Views\\assets\\add.php', 58, [...])
 2 SYSTEMPATH\View\View.php(213): include('C:\\xampp\\htdocs\\sarpras\\app\\Views\\assets\\add.php')
 3 SYSTEMPATH\View\View.php(216): CodeIgniter\View\View->CodeIgniter\View\{closure}()
 4 SYSTEMPATH\Common.php(1184): CodeIgniter\View\View->render('assets/add', [], true)
 5 APPPATH\Controllers\Assets.php(60): view('assets/add', [...])
 6 SYSTEMPATH\CodeIgniter.php(934): App\Controllers\Assets->tambah()
 7 SYSTEMPATH\CodeIgniter.php(499): CodeIgniter\CodeIgniter->runController(Object(App\Controllers\Assets))
 8 SYSTEMPATH\CodeIgniter.php(368): CodeIgniter\CodeIgniter->handleRequest(null, Object(Config\Cache), false)
 9 FCPATH\index.php(67): CodeIgniter\CodeIgniter->run()
10 SYSTEMPATH\Commands\Server\rewrite.php(47): require_once('C:\\xampp\\htdocs\\sarpras\\public\\index.php')
INFO - 2023-05-24 06:49:11 --> Session: Class initialized using 'CodeIgniter\Session\Handlers\FileHandler' driver.
INFO - 2023-05-24 06:49:26 --> Session: Class initialized using 'CodeIgniter\Session\Handlers\FileHandler' driver.
INFO - 2023-05-24 06:49:26 --> Session: Class initialized using 'CodeIgniter\Session\Handlers\FileHandler' driver.
INFO - 2023-05-24 06:49:40 --> Session: Class initialized using 'CodeIgniter\Session\Handlers\FileHandler' driver.
INFO - 2023-05-24 06:49:40 --> Session: Class initialized using 'CodeIgniter\Session\Handlers\FileHandler' driver.
INFO - 2023-05-24 06:49:42 --> Session: Class initialized using 'CodeIgniter\Session\Handlers\FileHandler' driver.
CRITICAL - 2023-05-24 09:18:01 --> Undefined variable: title
in APPPATH\Views\assets\add.php on line 12.
 1 APPPATH\Views\assets\add.php(12): CodeIgniter\Debug\Exceptions->errorHandler(8, 'Undefined variable: title', 'C:\\xampp\\htdocs\\sarpras\\app\\Views\\assets\\add.php', 12, [])
 2 SYSTEMPATH\View\View.php(213): include('C:\\xampp\\htdocs\\sarpras\\app\\Views\\assets\\add.php')
 3 SYSTEMPATH\View\View.php(216): CodeIgniter\View\View->CodeIgniter\View\{closure}()
 4 SYSTEMPATH\Common.php(1184): CodeIgniter\View\View->render('assets/add', [], true)
 5 APPPATH\Controllers\Assets.php(65): view('assets/add')
 6 SYSTEMPATH\CodeIgniter.php(934): App\Controllers\Assets->tambah()
 7 SYSTEMPATH\CodeIgniter.php(499): CodeIgniter\CodeIgniter->runController(Object(App\Controllers\Assets))
 8 SYSTEMPATH\CodeIgniter.php(368): CodeIgniter\CodeIgniter->handleRequest(null, Object(Config\Cache), false)
 9 FCPATH\index.php(67): CodeIgniter\CodeIgniter->run()
10 SYSTEMPATH\Commands\Server\rewrite.php(47): require_once('C:\\xampp\\htdocs\\sarpras\\public\\index.php')
CRITICAL - 2023-05-24 09:18:54 --> Undefined variable: title
in APPPATH\Views\assets\add.php on line 12.
 1 APPPATH\Views\assets\add.php(12): CodeIgniter\Debug\Exceptions->errorHandler(8, 'Undefined variable: title', 'C:\\xampp\\htdocs\\sarpras\\app\\Views\\assets\\add.php', 12, [])
 2 SYSTEMPATH\View\View.php(213): include('C:\\xampp\\htdocs\\sarpras\\app\\Views\\assets\\add.php')
 3 SYSTEMPATH\View\View.php(216): CodeIgniter\View\View->CodeIgniter\View\{closure}()
 4 SYSTEMPATH\Common.php(1184): CodeIgniter\View\View->render('assets/add', [], true)
 5 APPPATH\Controllers\Assets.php(65): view('assets/add')
 6 SYSTEMPATH\CodeIgniter.php(934): App\Controllers\Assets->tambah()
 7 SYSTEMPATH\CodeIgniter.php(499): CodeIgniter\CodeIgniter->runController(Object(App\Controllers\Assets))
 8 SYSTEMPATH\CodeIgniter.php(368): CodeIgniter\CodeIgniter->handleRequest(null, Object(Config\Cache), false)
 9 FCPATH\index.php(67): CodeIgniter\CodeIgniter->run()
10 SYSTEMPATH\Commands\Server\rewrite.php(47): require_once('C:\\xampp\\htdocs\\sarpras\\public\\index.php')
